#
# A fatal error has been detected by the Java Runtime Environment:
#
#  EXCEPTION_ACCESS_VIOLATION (0xc0000005) at pc=0x00007ffc2abca8c5, pid=18188, tid=20984
#
# JRE version: Java(TM) SE Runtime Environment 18.9 (11.0.7+8) (build 11.0.7+8-LTS)
# Java VM: Java HotSpot(TM) 64-Bit Server VM 18.9 (11.0.7+8-LTS, mixed mode, tiered, compressed oops, g1 gc, windows-amd64)
# Problematic frame:
# V  [jvm.dll+0x68a8c5]
#
# No core dump will be written. Minidumps are not enabled by default on client versions of Windows
#
# If you would like to submit a bug report, please visit:
#   https://bugreport.java.com/bugreport/crash.jsp
#

---------------  S U M M A R Y ------------

Command Line: -Dcom.sun.management.jmxremote -Dcom.sun.management.jmxremote.port=49214 -Dcom.sun.management.jmxremote.authenticate=false -Dcom.sun.management.jmxremote.ssl=false -Djava.rmi.server.hostname=localhost -Dspring.jmx.enabled=true -Dspring.application.admin.enabled=true -Xverify:none -XX:TieredStopAtLevel=1 -Dspring.boot.project.name=cursomc -Dfile.encoding=UTF-8 com.felipedclc.cursomc.Cursomc1Application --spring.output.ansi.enabled=always

Host: Intel(R) Core(TM) i5-5200U CPU @ 2.20GHz, 4 cores, 7G,  Windows 10 , 64 bit Build 18362 (10.0.18362.959)
Time: Fri Jul 31 15:29:20 2020 Hora oficial do Brasil elapsed time: 13 seconds (0d 0h 0m 13s)

---------------  T H R E A D  ---------------

Current thread (0x000002cc1fd08800):  WatcherThread [stack: 0x000000df7c100000,0x000000df7c200000] [id=20984]

Stack: [0x000000df7c100000,0x000000df7c200000],  sp=0x000000df7c1ff1c0,  free space=1020k
Native frames: (J=compiled Java code, j=interpreted, Vv=VM code, C=native code)
V  [jvm.dll+0x68a8c5]
V  [jvm.dll+0x6f394f]
V  [jvm.dll+0x73fc7d]
V  [jvm.dll+0x765fe9]
V  [jvm.dll+0x75e875]
V  [jvm.dll+0x660b26]
C  [ucrtbase.dll+0x20e82]
C  [KERNEL32.DLL+0x17bd4]
C  [ntdll.dll+0x6ce51]


siginfo: EXCEPTION_ACCESS_VIOLATION (0xc0000005), reading address 0x0000000800000007


Register to memory mapping:

RIP=0x00007ffc2abca8c5 jvm.dll
RAX=0x0000000800000007 is an unknown value
RBX=0x000002cc1fc66570 points into unknown readable memory: 80 bb e3 2a fc 7f 00 00
RCX=0x000002cc1fc45ac0 points into unknown readable memory: 07 00 00 00 08 00 00 00
RDX=0x0000000000000032 is an unknown value
RSP=0x000000df7c1ff1c0 points into unknown readable memory: 60 13 dd 7f cc 02 00 00
RBP=0x0000000000000002 is an unknown value
RSI=0x000002cc1fc458e0 points into unknown readable memory: d0 d1 c8 1f cc 02 00 00
RDI=0x0 is NULL
R8 =0x0 is NULL
R9 =0x000002cc08330b80 is at begin+0 in a stub
StubRoutines::atomic_cmpxchg_long [0x000002cc08330b80, 0x000002cc08330b89[ (9 bytes)
R10=0x00000000546c6148 is an unknown value
R11=0x0000039f154c16b1 is an unknown value
R12=0x0 is NULL
R13=0x000002cc1fd08800 points into unknown readable memory: 18 92 e4 2a fc 7f 00 00
R14=0x0000000000000032 is an unknown value
R15=0x000002cc1fb8d040 points into unknown readable memory: 00 00 00 00 00 00 00 00


Registers:
RAX=0x0000000800000007, RBX=0x000002cc1fc66570, RCX=0x000002cc1fc45ac0, RDX=0x0000000000000032
RSP=0x000000df7c1ff1c0, RBP=0x0000000000000002, RSI=0x000002cc1fc458e0, RDI=0x0000000000000000
R8 =0x0000000000000000, R9 =0x000002cc08330b80, R10=0x00000000546c6148, R11=0x0000039f154c16b1
R12=0x0000000000000000, R13=0x000002cc1fd08800, R14=0x0000000000000032, R15=0x000002cc1fb8d040
RIP=0x00007ffc2abca8c5, EFLAGS=0x0000000000010206

Top of Stack: (sp=0x000000df7c1ff1c0)
0x000000df7c1ff1c0:   000002cc7fdd1360 0000000000000ab8
0x000000df7c1ff1d0:   0000000000000001 00007ffc2ab73850
0x000000df7c1ff1e0:   0000000000000000 00007ffc2ac3394f
0x000000df7c1ff1f0:   000002cc1fd08800 000002cc1fd08800
0x000000df7c1ff200:   0002ad6f1cd88f34 00007ffc2ab742d9
0x000000df7c1ff210:   00007ffc2afeabc8 00007ffc2ac7fc7d
0x000000df7c1ff220:   0000000000000001 000002cc7fdd1360
0x000000df7c1ff230:   000002cc7fdd1360 431bde82d7b634db
0x000000df7c1ff240:   000002cc1fb8d040 0002ad6f1cd88f34
0x000000df7c1ff250:   000002cc7fdd1360 00007ffc2aca5fe9
0x000000df7c1ff260:   0000000000000001 0000000000000032
0x000000df7c1ff270:   0000000000000032 0000000000000002
0x000000df7c1ff280:   000000df7c1ff320 0000000000000000
0x000000df7c1ff290:   00007ffc7b260000 00007ffc7b2d17d3
0x000000df7c1ff2a0:   0000000000000000 00007ffc7b260000
0x000000df7c1ff2b0:   0000000000000000 000000df7a899000 

Instructions: (pc=0x00007ffc2abca8c5)
0x00007ffc2abca8a5:   70 48 83 c4 50 5f c3 cc cc cc cc 40 53 48 83 ec
0x00007ffc2abca8b5:   20 48 8b d9 48 8b 49 38 48 85 c9 74 0c 48 8b 01
0x00007ffc2abca8c5:   ff 10 48 8b 4b 28 48 89 01 48 83 c4 20 5b c3 cc
0x00007ffc2abca8d5:   cc cc cc cc cc cc cc cc cc cc cc 48 89 5c 24 08 


Stack slot to memory mapping:
stack at sp + 0 slots: 0x000002cc7fdd1360 points into unknown readable memory: 01 00 00 00 00 00 00 00
stack at sp + 1 slots: 0x0000000000000ab8 is an unknown value
stack at sp + 2 slots: 0x0000000000000001 is an unknown value
stack at sp + 3 slots: 0x00007ffc2ab73850 jvm.dll
stack at sp + 4 slots: 0x0 is NULL
stack at sp + 5 slots: 0x00007ffc2ac3394f jvm.dll
stack at sp + 6 slots: 0x000002cc1fd08800 points into unknown readable memory: 18 92 e4 2a fc 7f 00 00
stack at sp + 7 slots: 0x000002cc1fd08800 points into unknown readable memory: 18 92 e4 2a fc 7f 00 00


---------------  P R O C E S S  ---------------

Threads class SMR info:
_java_thread_list=0x000002cc1fc8cba0, length=12, elements={
0x000002cc7fdd3800, 0x000002cc1e263800, 0x000002cc1e26f800, 0x000002cc1ebe6800,
0x000002cc1ebe8800, 0x000002cc1ebea800, 0x000002cc1ebf6800, 0x000002cc1ed82000,
0x000002cc1edfe800, 0x000002cc1fc7f800, 0x000002cc1fc71800, 0x000002cc1fcfc800
}

Java Threads: ( => current thread )
  0x000002cc7fdd3800 JavaThread "main" [_thread_in_native, id=10548, stack(0x000000df7ad00000,0x000000df7ae00000)]
  0x000002cc1e263800 JavaThread "Reference Handler" daemon [_thread_blocked, id=4512, stack(0x000000df7b400000,0x000000df7b500000)]
  0x000002cc1e26f800 JavaThread "Finalizer" daemon [_thread_blocked, id=12636, stack(0x000000df7b500000,0x000000df7b600000)]
  0x000002cc1ebe6800 JavaThread "Signal Dispatcher" daemon [_thread_blocked, id=21432, stack(0x000000df7b600000,0x000000df7b700000)]
  0x000002cc1ebe8800 JavaThread "Attach Listener" daemon [_thread_blocked, id=16916, stack(0x000000df7b700000,0x000000df7b800000)]
  0x000002cc1ebea800 JavaThread "C1 CompilerThread0" daemon [_thread_blocked, id=2964, stack(0x000000df7b800000,0x000000df7b900000)]
  0x000002cc1ebf6800 JavaThread "Sweeper thread" daemon [_thread_blocked, id=5880, stack(0x000000df7b900000,0x000000df7ba00000)]
  0x000002cc1ed82000 JavaThread "Common-Cleaner" daemon [_thread_blocked, id=18816, stack(0x000000df7ba00000,0x000000df7bb00000)]
  0x000002cc1edfe800 JavaThread "Service Thread" daemon [_thread_blocked, id=21200, stack(0x000000df7bb00000,0x000000df7bc00000)]
  0x000002cc1fc7f800 JavaThread "RMI TCP Accept-0" daemon [_thread_in_native, id=13516, stack(0x000000df7be00000,0x000000df7bf00000)]
  0x000002cc1fc71800 JavaThread "RMI TCP Accept-49214" daemon [_thread_in_native, id=5736, stack(0x000000df7bf00000,0x000000df7c000000)]
  0x000002cc1fcfc800 JavaThread "RMI TCP Accept-0" daemon [_thread_in_native, id=20588, stack(0x000000df7c000000,0x000000df7c100000)]

Other Threads:
  0x000002cc1e23c800 VMThread "VM Thread" [stack: 0x000000df7b300000,0x000000df7b400000] [id=20516]
=>0x000002cc1fd08800 WatcherThread [stack: 0x000000df7c100000,0x000000df7c200000] [id=20984]
  0x000002cc7fde6800 GCTaskThread "GC Thread#0" [stack: 0x000000df7ae00000,0x000000df7af00000] [id=20936]
  0x000002cc1f74f800 GCTaskThread "GC Thread#1" [stack: 0x000000df7bc00000,0x000000df7bd00000] [id=13020]
  0x000002cc1f750000 GCTaskThread "GC Thread#2" [stack: 0x000000df7bd00000,0x000000df7be00000] [id=4584]
  0x000002cc7fe16800 ConcurrentGCThread "G1 Main Marker" [stack: 0x000000df7af00000,0x000000df7b000000] [id=12780]
  0x000002cc7fe18800 ConcurrentGCThread "G1 Conc#0" [stack: 0x000000df7b000000,0x000000df7b100000] [id=15840]
  0x000002cc7fe8e000 ConcurrentGCThread "G1 Refine#0" [stack: 0x000000df7b100000,0x000000df7b200000] [id=20544]
  0x000002cc1e0ab000 ConcurrentGCThread "G1 Young RemSet Sampling" [stack: 0x000000df7b200000,0x000000df7b300000] [id=14624]

Threads with active compile tasks:

VM state:not at safepoint (normal execution)

VM Mutex/Monitor currently owned by a thread:  ([mutex/lock_event])
[0x000002cc7fdd1360] PeriodicTask_lock - owner thread: 0x000002cc1fd08800

Heap address: 0x0000000081800000, size: 2024 MB, Compressed Oops mode: 32-bit
Narrow klass base: 0x0000000000000000, Narrow klass shift: 3
Compressed class space size: 1073741824 Address: 0x0000000100000000

Heap:
 garbage-first heap   total 131072K, used 25846K [0x0000000081800000, 0x0000000100000000)
  region size 1024K, 11 young (11264K), 1 survivors (1024K)
 Metaspace       used 12578K, capacity 12967K, committed 13312K, reserved 1060864K
  class space    used 1316K, capacity 1436K, committed 1536K, reserved 1048576K
Heap Regions: E=young(eden), S=young(survivor), O=old, HS=humongous(starts), HC=humongous(continues), CS=collection set, F=free, A=archive, TAMS=top-at-mark-start (previous, next)
|   0|0x0000000081800000, 0x0000000081900000, 0x0000000081900000|100%|HS|  |TAMS 0x0000000081800000, 0x0000000081800000| Complete 
|   1|0x0000000081900000, 0x0000000081a00000, 0x0000000081a00000|100%| O|  |TAMS 0x0000000081900000, 0x0000000081900000| Untracked 
|   2|0x0000000081a00000, 0x0000000081b00000, 0x0000000081b00000|100%| O|  |TAMS 0x0000000081a00000, 0x0000000081a00000| Untracked 
|   3|0x0000000081b00000, 0x0000000081c00000, 0x0000000081c00000|100%| O|  |TAMS 0x0000000081b00000, 0x0000000081b00000| Untracked 
|   4|0x0000000081c00000, 0x0000000081d00000, 0x0000000081d00000|100%| O|  |TAMS 0x0000000081c00000, 0x0000000081c00000| Untracked 
|   5|0x0000000081d00000, 0x0000000081e00000, 0x0000000081e00000|100%| O|  |TAMS 0x0000000081d00000, 0x0000000081d00000| Untracked 
|   6|0x0000000081e00000, 0x0000000081f00000, 0x0000000081f00000|100%| O|  |TAMS 0x0000000081e00000, 0x0000000081e00000| Untracked 
|   7|0x0000000081f00000, 0x0000000082000000, 0x0000000082000000|100%| O|  |TAMS 0x0000000081f00000, 0x0000000081f00000| Untracked 
|   8|0x0000000082000000, 0x0000000082100000, 0x0000000082100000|100%| O|  |TAMS 0x0000000082000000, 0x0000000082000000| Untracked 
|   9|0x0000000082100000, 0x0000000082200000, 0x0000000082200000|100%| O|  |TAMS 0x0000000082100000, 0x0000000082100000| Untracked 
|  10|0x0000000082200000, 0x0000000082300000, 0x0000000082300000|100%| O|  |TAMS 0x0000000082200000, 0x0000000082200000| Untracked 
|  11|0x0000000082300000, 0x0000000082400000, 0x0000000082400000|100%| O|  |TAMS 0x0000000082300000, 0x0000000082300000| Untracked 
|  12|0x0000000082400000, 0x0000000082500000, 0x0000000082500000|100%| O|  |TAMS 0x0000000082400000, 0x0000000082400000| Untracked 
|  13|0x0000000082500000, 0x0000000082600000, 0x0000000082600000|100%| O|  |TAMS 0x0000000082500000, 0x0000000082500000| Untracked 
|  14|0x0000000082600000, 0x0000000082700000, 0x0000000082700000|100%| O|  |TAMS 0x0000000082600000, 0x0000000082600000| Untracked 
|  15|0x0000000082700000, 0x000000008273da00, 0x0000000082800000| 24%| O|  |TAMS 0x0000000082700000, 0x0000000082700000| Untracked 
|  16|0x0000000082800000, 0x0000000082800000, 0x0000000082900000|  0%| F|  |TAMS 0x0000000082800000, 0x0000000082800000| Untracked 
|  17|0x0000000082900000, 0x0000000082900000, 0x0000000082a00000|  0%| F|  |TAMS 0x0000000082900000, 0x0000000082900000| Untracked 
|  18|0x0000000082a00000, 0x0000000082a00000, 0x0000000082b00000|  0%| F|  |TAMS 0x0000000082a00000, 0x0000000082a00000| Untracked 
|  19|0x0000000082b00000, 0x0000000082b00000, 0x0000000082c00000|  0%| F|  |TAMS 0x0000000082b00000, 0x0000000082b00000| Untracked 
|  20|0x0000000082c00000, 0x0000000082c00000, 0x0000000082d00000|  0%| F|  |TAMS 0x0000000082c00000, 0x0000000082c00000| Untracked 
|  21|0x0000000082d00000, 0x0000000082d00000, 0x0000000082e00000|  0%| F|  |TAMS 0x0000000082d00000, 0x0000000082d00000| Untracked 
|  22|0x0000000082e00000, 0x0000000082e00000, 0x0000000082f00000|  0%| F|  |TAMS 0x0000000082e00000, 0x0000000082e00000| Untracked 
|  23|0x0000000082f00000, 0x0000000082f00000, 0x0000000083000000|  0%| F|  |TAMS 0x0000000082f00000, 0x0000000082f00000| Untracked 
|  24|0x0000000083000000, 0x0000000083000000, 0x0000000083100000|  0%| F|  |TAMS 0x0000000083000000, 0x0000000083000000| Untracked 
|  25|0x0000000083100000, 0x0000000083100000, 0x0000000083200000|  0%| F|  |TAMS 0x0000000083100000, 0x0000000083100000| Untracked 
|  26|0x0000000083200000, 0x0000000083200000, 0x0000000083300000|  0%| F|  |TAMS 0x0000000083200000, 0x0000000083200000| Untracked 
|  27|0x0000000083300000, 0x0000000083300000, 0x0000000083400000|  0%| F|  |TAMS 0x0000000083300000, 0x0000000083300000| Untracked 
|  28|0x0000000083400000, 0x0000000083400000, 0x0000000083500000|  0%| F|  |TAMS 0x0000000083400000, 0x0000000083400000| Untracked 
|  29|0x0000000083500000, 0x0000000083500000, 0x0000000083600000|  0%| F|  |TAMS 0x0000000083500000, 0x0000000083500000| Untracked 
|  30|0x0000000083600000, 0x0000000083600000, 0x0000000083700000|  0%| F|  |TAMS 0x0000000083600000, 0x0000000083600000| Untracked 
|  31|0x0000000083700000, 0x0000000083700000, 0x0000000083800000|  0%| F|  |TAMS 0x0000000083700000, 0x0000000083700000| Untracked 
|  32|0x0000000083800000, 0x0000000083800000, 0x0000000083900000|  0%| F|  |TAMS 0x0000000083800000, 0x0000000083800000| Untracked 
|  33|0x0000000083900000, 0x0000000083900000, 0x0000000083a00000|  0%| F|  |TAMS 0x0000000083900000, 0x0000000083900000| Untracked 
|  34|0x0000000083a00000, 0x0000000083a00000, 0x0000000083b00000|  0%| F|  |TAMS 0x0000000083a00000, 0x0000000083a00000| Untracked 
|  35|0x0000000083b00000, 0x0000000083b00000, 0x0000000083c00000|  0%| F|  |TAMS 0x0000000083b00000, 0x0000000083b00000| Untracked 
|  36|0x0000000083c00000, 0x0000000083c00000, 0x0000000083d00000|  0%| F|  |TAMS 0x0000000083c00000, 0x0000000083c00000| Untracked 
|  37|0x0000000083d00000, 0x0000000083d00000, 0x0000000083e00000|  0%| F|  |TAMS 0x0000000083d00000, 0x0000000083d00000| Untracked 
|  38|0x0000000083e00000, 0x0000000083e00000, 0x0000000083f00000|  0%| F|  |TAMS 0x0000000083e00000, 0x0000000083e00000| Untracked 
|  39|0x0000000083f00000, 0x0000000083f00000, 0x0000000084000000|  0%| F|  |TAMS 0x0000000083f00000, 0x0000000083f00000| Untracked 
|  40|0x0000000084000000, 0x0000000084000000, 0x0000000084100000|  0%| F|  |TAMS 0x0000000084000000, 0x0000000084000000| Untracked 
|  41|0x0000000084100000, 0x0000000084100000, 0x0000000084200000|  0%| F|  |TAMS 0x0000000084100000, 0x0000000084100000| Untracked 
|  42|0x0000000084200000, 0x0000000084200000, 0x0000000084300000|  0%| F|  |TAMS 0x0000000084200000, 0x0000000084200000| Untracked 
|  43|0x0000000084300000, 0x0000000084300000, 0x0000000084400000|  0%| F|  |TAMS 0x0000000084300000, 0x0000000084300000| Untracked 
|  44|0x0000000084400000, 0x0000000084400000, 0x0000000084500000|  0%| F|  |TAMS 0x0000000084400000, 0x0000000084400000| Untracked 
|  45|0x0000000084500000, 0x0000000084500000, 0x0000000084600000|  0%| F|  |TAMS 0x0000000084500000, 0x0000000084500000| Untracked 
|  46|0x0000000084600000, 0x0000000084600000, 0x0000000084700000|  0%| F|  |TAMS 0x0000000084600000, 0x0000000084600000| Untracked 
|  47|0x0000000084700000, 0x0000000084700000, 0x0000000084800000|  0%| F|  |TAMS 0x0000000084700000, 0x0000000084700000| Untracked 
|  48|0x0000000084800000, 0x0000000084800000, 0x0000000084900000|  0%| F|  |TAMS 0x0000000084800000, 0x0000000084800000| Untracked 
|  49|0x0000000084900000, 0x0000000084900000, 0x0000000084a00000|  0%| F|  |TAMS 0x0000000084900000, 0x0000000084900000| Untracked 
|  50|0x0000000084a00000, 0x0000000084a00000, 0x0000000084b00000|  0%| F|  |TAMS 0x0000000084a00000, 0x0000000084a00000| Untracked 
|  51|0x0000000084b00000, 0x0000000084b00000, 0x0000000084c00000|  0%| F|  |TAMS 0x0000000084b00000, 0x0000000084b00000| Untracked 
|  52|0x0000000084c00000, 0x0000000084c00000, 0x0000000084d00000|  0%| F|  |TAMS 0x0000000084c00000, 0x0000000084c00000| Untracked 
|  53|0x0000000084d00000, 0x0000000084d00000, 0x0000000084e00000|  0%| F|  |TAMS 0x0000000084d00000, 0x0000000084d00000| Untracked 
|  54|0x0000000084e00000, 0x0000000084e00000, 0x0000000084f00000|  0%| F|  |TAMS 0x0000000084e00000, 0x0000000084e00000| Untracked 
|  55|0x0000000084f00000, 0x0000000084f00000, 0x0000000085000000|  0%| F|  |TAMS 0x0000000084f00000, 0x0000000084f00000| Untracked 
|  56|0x0000000085000000, 0x0000000085000000, 0x0000000085100000|  0%| F|  |TAMS 0x0000000085000000, 0x0000000085000000| Untracked 
|  57|0x0000000085100000, 0x0000000085100000, 0x0000000085200000|  0%| F|  |TAMS 0x0000000085100000, 0x0000000085100000| Untracked 
|  58|0x0000000085200000, 0x0000000085200000, 0x0000000085300000|  0%| F|  |TAMS 0x0000000085200000, 0x0000000085200000| Untracked 
|  59|0x0000000085300000, 0x0000000085300000, 0x0000000085400000|  0%| F|  |TAMS 0x0000000085300000, 0x0000000085300000| Untracked 
|  60|0x0000000085400000, 0x0000000085400000, 0x0000000085500000|  0%| F|  |TAMS 0x0000000085400000, 0x0000000085400000| Untracked 
|  61|0x0000000085500000, 0x0000000085500000, 0x0000000085600000|  0%| F|  |TAMS 0x0000000085500000, 0x0000000085500000| Untracked 
|  62|0x0000000085600000, 0x0000000085600000, 0x0000000085700000|  0%| F|  |TAMS 0x0000000085600000, 0x0000000085600000| Untracked 
|  63|0x0000000085700000, 0x0000000085700000, 0x0000000085800000|  0%| F|  |TAMS 0x0000000085700000, 0x0000000085700000| Untracked 
|  64|0x0000000085800000, 0x0000000085800000, 0x0000000085900000|  0%| F|  |TAMS 0x0000000085800000, 0x0000000085800000| Untracked 
|  65|0x0000000085900000, 0x0000000085900000, 0x0000000085a00000|  0%| F|  |TAMS 0x0000000085900000, 0x0000000085900000| Untracked 
|  66|0x0000000085a00000, 0x0000000085a00000, 0x0000000085b00000|  0%| F|  |TAMS 0x0000000085a00000, 0x0000000085a00000| Untracked 
|  67|0x0000000085b00000, 0x0000000085b00000, 0x0000000085c00000|  0%| F|  |TAMS 0x0000000085b00000, 0x0000000085b00000| Untracked 
|  68|0x0000000085c00000, 0x0000000085c00000, 0x0000000085d00000|  0%| F|  |TAMS 0x0000000085c00000, 0x0000000085c00000| Untracked 
|  69|0x0000000085d00000, 0x0000000085d00000, 0x0000000085e00000|  0%| F|  |TAMS 0x0000000085d00000, 0x0000000085d00000| Untracked 
|  70|0x0000000085e00000, 0x0000000085e00000, 0x0000000085f00000|  0%| F|  |TAMS 0x0000000085e00000, 0x0000000085e00000| Untracked 
|  71|0x0000000085f00000, 0x0000000085f00000, 0x0000000086000000|  0%| F|  |TAMS 0x0000000085f00000, 0x0000000085f00000| Untracked 
|  72|0x0000000086000000, 0x0000000086000000, 0x0000000086100000|  0%| F|  |TAMS 0x0000000086000000, 0x0000000086000000| Untracked 
|  73|0x0000000086100000, 0x0000000086100000, 0x0000000086200000|  0%| F|  |TAMS 0x0000000086100000, 0x0000000086100000| Untracked 
|  74|0x0000000086200000, 0x0000000086200000, 0x0000000086300000|  0%| F|  |TAMS 0x0000000086200000, 0x0000000086200000| Untracked 
|  75|0x0000000086300000, 0x0000000086300000, 0x0000000086400000|  0%| F|  |TAMS 0x0000000086300000, 0x0000000086300000| Untracked 
|  76|0x0000000086400000, 0x0000000086400000, 0x0000000086500000|  0%| F|  |TAMS 0x0000000086400000, 0x0000000086400000| Untracked 
|  77|0x0000000086500000, 0x0000000086500000, 0x0000000086600000|  0%| F|  |TAMS 0x0000000086500000, 0x0000000086500000| Untracked 
|  78|0x0000000086600000, 0x0000000086600000, 0x0000000086700000|  0%| F|  |TAMS 0x0000000086600000, 0x0000000086600000| Untracked 
|  79|0x0000000086700000, 0x0000000086700000, 0x0000000086800000|  0%| F|  |TAMS 0x0000000086700000, 0x0000000086700000| Untracked 
|  80|0x0000000086800000, 0x0000000086800000, 0x0000000086900000|  0%| F|  |TAMS 0x0000000086800000, 0x0000000086800000| Untracked 
|  81|0x0000000086900000, 0x0000000086900000, 0x0000000086a00000|  0%| F|  |TAMS 0x0000000086900000, 0x0000000086900000| Untracked 
|  82|0x0000000086a00000, 0x0000000086a00000, 0x0000000086b00000|  0%| F|  |TAMS 0x0000000086a00000, 0x0000000086a00000| Untracked 
|  83|0x0000000086b00000, 0x0000000086b00000, 0x0000000086c00000|  0%| F|  |TAMS 0x0000000086b00000, 0x0000000086b00000| Untracked 
|  84|0x0000000086c00000, 0x0000000086c00000, 0x0000000086d00000|  0%| F|  |TAMS 0x0000000086c00000, 0x0000000086c00000| Untracked 
|  85|0x0000000086d00000, 0x0000000086d00000, 0x0000000086e00000|  0%| F|  |TAMS 0x0000000086d00000, 0x0000000086d00000| Untracked 
|  86|0x0000000086e00000, 0x0000000086e00000, 0x0000000086f00000|  0%| F|  |TAMS 0x0000000086e00000, 0x0000000086e00000| Untracked 
|  87|0x0000000086f00000, 0x0000000086f00000, 0x0000000087000000|  0%| F|  |TAMS 0x0000000086f00000, 0x0000000086f00000| Untracked 
|  88|0x0000000087000000, 0x0000000087000000, 0x0000000087100000|  0%| F|  |TAMS 0x0000000087000000, 0x0000000087000000| Untracked 
|  89|0x0000000087100000, 0x0000000087100000, 0x0000000087200000|  0%| F|  |TAMS 0x0000000087100000, 0x0000000087100000| Untracked 
|  90|0x0000000087200000, 0x0000000087200000, 0x0000000087300000|  0%| F|  |TAMS 0x0000000087200000, 0x0000000087200000| Untracked 
|  91|0x0000000087300000, 0x0000000087300000, 0x0000000087400000|  0%| F|  |TAMS 0x0000000087300000, 0x0000000087300000| Untracked 
|  92|0x0000000087400000, 0x0000000087400000, 0x0000000087500000|  0%| F|  |TAMS 0x0000000087400000, 0x0000000087400000| Untracked 
|  93|0x0000000087500000, 0x0000000087500000, 0x0000000087600000|  0%| F|  |TAMS 0x0000000087500000, 0x0000000087500000| Untracked 
|  94|0x0000000087600000, 0x0000000087600000, 0x0000000087700000|  0%| F|  |TAMS 0x0000000087600000, 0x0000000087600000| Untracked 
|  95|0x0000000087700000, 0x0000000087700000, 0x0000000087800000|  0%| F|  |TAMS 0x0000000087700000, 0x0000000087700000| Untracked 
|  96|0x0000000087800000, 0x0000000087800000, 0x0000000087900000|  0%| F|  |TAMS 0x0000000087800000, 0x0000000087800000| Untracked 
|  97|0x0000000087900000, 0x0000000087900000, 0x0000000087a00000|  0%| F|  |TAMS 0x0000000087900000, 0x0000000087900000| Untracked 
|  98|0x0000000087a00000, 0x0000000087a00000, 0x0000000087b00000|  0%| F|  |TAMS 0x0000000087a00000, 0x0000000087a00000| Untracked 
|  99|0x0000000087b00000, 0x0000000087b00000, 0x0000000087c00000|  0%| F|  |TAMS 0x0000000087b00000, 0x0000000087b00000| Untracked 
| 100|0x0000000087c00000, 0x0000000087c00000, 0x0000000087d00000|  0%| F|  |TAMS 0x0000000087c00000, 0x0000000087c00000| Untracked 
| 101|0x0000000087d00000, 0x0000000087d00000, 0x0000000087e00000|  0%| F|  |TAMS 0x0000000087d00000, 0x0000000087d00000| Untracked 
| 102|0x0000000087e00000, 0x0000000087e00000, 0x0000000087f00000|  0%| F|  |TAMS 0x0000000087e00000, 0x0000000087e00000| Untracked 
| 103|0x0000000087f00000, 0x0000000087f00000, 0x0000000088000000|  0%| F|  |TAMS 0x0000000087f00000, 0x0000000087f00000| Untracked 
| 104|0x0000000088000000, 0x0000000088000000, 0x0000000088100000|  0%| F|  |TAMS 0x0000000088000000, 0x0000000088000000| Untracked 
| 105|0x0000000088100000, 0x0000000088100000, 0x0000000088200000|  0%| F|  |TAMS 0x0000000088100000, 0x0000000088100000| Untracked 
| 106|0x0000000088200000, 0x0000000088200000, 0x0000000088300000|  0%| F|  |TAMS 0x0000000088200000, 0x0000000088200000| Untracked 
| 107|0x0000000088300000, 0x0000000088300000, 0x0000000088400000|  0%| F|  |TAMS 0x0000000088300000, 0x0000000088300000| Untracked 
| 108|0x0000000088400000, 0x0000000088400000, 0x0000000088500000|  0%| F|  |TAMS 0x0000000088400000, 0x0000000088400000| Untracked 
| 109|0x0000000088500000, 0x0000000088500000, 0x0000000088600000|  0%| F|  |TAMS 0x0000000088500000, 0x0000000088500000| Untracked 
| 110|0x0000000088600000, 0x0000000088600000, 0x0000000088700000|  0%| F|  |TAMS 0x0000000088600000, 0x0000000088600000| Untracked 
| 111|0x0000000088700000, 0x0000000088700000, 0x0000000088800000|  0%| F|  |TAMS 0x0000000088700000, 0x0000000088700000| Untracked 
| 112|0x0000000088800000, 0x0000000088800000, 0x0000000088900000|  0%| F|  |TAMS 0x0000000088800000, 0x0000000088800000| Untracked 
| 113|0x0000000088900000, 0x0000000088900000, 0x0000000088a00000|  0%| F|  |TAMS 0x0000000088900000, 0x0000000088900000| Untracked 
| 114|0x0000000088a00000, 0x0000000088a00000, 0x0000000088b00000|  0%| F|  |TAMS 0x0000000088a00000, 0x0000000088a00000| Untracked 
| 115|0x0000000088b00000, 0x0000000088b00000, 0x0000000088c00000|  0%| F|  |TAMS 0x0000000088b00000, 0x0000000088b00000| Untracked 
| 116|0x0000000088c00000, 0x0000000088c00000, 0x0000000088d00000|  0%| F|  |TAMS 0x0000000088c00000, 0x0000000088c00000| Untracked 
| 117|0x0000000088d00000, 0x0000000088da6b48, 0x0000000088e00000| 65%| E|  |TAMS 0x0000000088d00000, 0x0000000088d00000| Complete 
| 118|0x0000000088e00000, 0x0000000088f00000, 0x0000000088f00000|100%| E|CS|TAMS 0x0000000088e00000, 0x0000000088e00000| Complete 
| 119|0x0000000088f00000, 0x0000000089000000, 0x0000000089000000|100%| E|CS|TAMS 0x0000000088f00000, 0x0000000088f00000| Complete 
| 120|0x0000000089000000, 0x0000000089100000, 0x0000000089100000|100%| E|CS|TAMS 0x0000000089000000, 0x0000000089000000| Complete 
| 121|0x0000000089100000, 0x0000000089200000, 0x0000000089200000|100%| E|CS|TAMS 0x0000000089100000, 0x0000000089100000| Complete 
| 122|0x0000000089200000, 0x0000000089300000, 0x0000000089300000|100%| S|CS|TAMS 0x0000000089200000, 0x0000000089200000| Complete 
| 123|0x0000000089300000, 0x0000000089400000, 0x0000000089400000|100%| E|CS|TAMS 0x0000000089300000, 0x0000000089300000| Complete 
| 124|0x0000000089400000, 0x0000000089500000, 0x0000000089500000|100%| E|CS|TAMS 0x0000000089400000, 0x0000000089400000| Complete 
| 125|0x0000000089500000, 0x0000000089600000, 0x0000000089600000|100%| E|CS|TAMS 0x0000000089500000, 0x0000000089500000| Complete 
| 126|0x0000000089600000, 0x0000000089700000, 0x0000000089700000|100%| E|CS|TAMS 0x0000000089600000, 0x0000000089600000| Complete 
| 127|0x0000000089700000, 0x0000000089800000, 0x0000000089800000|100%| E|CS|TAMS 0x0000000089700000, 0x0000000089700000| Complete 

Card table byte_map: [0x000002cc17730000,0x000002cc17b30000] _byte_map_base: 0x000002cc17324000

Marking Bits (Prev, Next): (CMBitMap*) 0x000002cc7fe0da18, (CMBitMap*) 0x000002cc7fe0da50
 Prev Bits: [0x000002cc17f30000, 0x000002cc19ed0000)
 Next Bits: [0x000002cc19ed0000, 0x000002cc1be70000)

Polling page: 0x000002cc7df40000

Metaspace:

Usage:
  Non-class:     11.26 MB capacity,    11.00 MB ( 98%) used,   238.45 KB (  2%) free+waste,    29.94 KB ( <1%) overhead. 
      Class:      1.40 MB capacity,     1.29 MB ( 92%) used,   104.80 KB (  7%) free+waste,    14.88 KB (  1%) overhead. 
       Both:     12.66 MB capacity,    12.28 MB ( 97%) used,   343.25 KB (  3%) free+waste,    44.81 KB ( <1%) overhead. 

Virtual space:
  Non-class space:       12.00 MB reserved,      11.50 MB ( 96%) committed 
      Class space:        1.00 GB reserved,       1.50 MB ( <1%) committed 
             Both:        1.01 GB reserved,      13.00 MB (  1%) committed 

Chunk freelists:
   Non-Class:  6.63 KB
       Class:  512 bytes
        Both:  7.13 KB

CodeHeap 'non-profiled nmethods': size=238912Kb used=1660Kb max_used=1660Kb free=237251Kb
 bounds [0x000002cc089e0000, 0x000002cc08c50000, 0x000002cc17330000]
CodeHeap 'non-nmethods': size=6848Kb used=1102Kb max_used=1102Kb free=5745Kb
 bounds [0x000002cc08330000, 0x000002cc085a0000, 0x000002cc089e0000]
 total_blobs=1598 nmethods=1182 adapters=326
 compilation: enabled
              stopped_count=0, restarted_count=0
 full_count=0

Compilation events (10 events):
Event: 12.994 Thread 0x000002cc1ebea800 1147       1       java.util.jar.Attributes::putValue (13 bytes)
Event: 12.995 Thread 0x000002cc1ebea800 nmethod 1147 0x000002cc08b6d890 code [0x000002cc08b6da80, 0x000002cc08b6de70]
Event: 12.995 Thread 0x000002cc1ebea800 1148       1       java.util.jar.Attributes$Name::of (28 bytes)
Event: 12.995 Thread 0x000002cc1ebea800 nmethod 1148 0x000002cc08b6e090 code [0x000002cc08b6e260, 0x000002cc08b6e560]
Event: 12.995 Thread 0x000002cc1ebea800 1149       1       java.util.jar.Attributes::put (18 bytes)
Event: 12.995 Thread 0x000002cc1ebea800 nmethod 1149 0x000002cc08b6e790 code [0x000002cc08b6e940, 0x000002cc08b6eaf0]
Event: 12.995 Thread 0x000002cc1ebea800 1150       1       sun.nio.cs.MS1252::historicalName (3 bytes)
Event: 12.996 Thread 0x000002cc1ebea800 nmethod 1150 0x000002cc08b6eb90 code [0x000002cc08b6ed20, 0x000002cc08b6ee38]
Event: 13.000 Thread 0x000002cc1ebea800 1151       1       java.security.ProtectionDomain::getCodeSource (5 bytes)
Event: 13.000 Thread 0x000002cc1ebea800 nmethod 1151 0x000002cc08b6ee90 code [0x000002cc08b6f020, 0x000002cc08b6f138]

GC Heap History (4 events):
Event: 7.443 GC heap before
{Heap before GC invocations=0 (full 0):
 garbage-first heap   total 131072K, used 14336K [0x0000000081800000, 0x0000000100000000)
  region size 1024K, 14 young (14336K), 0 survivors (0K)
 Metaspace       used 6068K, capacity 6166K, committed 6272K, reserved 1056768K
  class space    used 538K, capacity 567K, committed 640K, reserved 1048576K
}
Event: 7.461 GC heap after
{Heap after GC invocations=1 (full 0):
 garbage-first heap   total 131072K, used 11715K [0x0000000081800000, 0x0000000100000000)
  region size 1024K, 2 young (2048K), 2 survivors (2048K)
 Metaspace       used 6068K, capacity 6166K, committed 6272K, reserved 1056768K
  class space    used 538K, capacity 567K, committed 640K, reserved 1048576K
}
Event: 7.654 GC heap before
{Heap before GC invocations=1 (full 0):
 garbage-first heap   total 131072K, used 15811K [0x0000000081800000, 0x0000000100000000)
  region size 1024K, 7 young (7168K), 2 survivors (2048K)
 Metaspace       used 6068K, capacity 6166K, committed 6272K, reserved 1056768K
  class space    used 538K, capacity 567K, committed 640K, reserved 1048576K
}
Event: 7.661 GC heap after
{Heap after GC invocations=2 (full 0):
 garbage-first heap   total 131072K, used 16630K [0x0000000081800000, 0x0000000100000000)
  region size 1024K, 1 young (1024K), 1 survivors (1024K)
 Metaspace       used 6068K, capacity 6166K, committed 6272K, reserved 1056768K
  class space    used 538K, capacity 567K, committed 640K, reserved 1048576K
}

Deoptimization events (0 events):
No events

Classes redefined (0 events):
No events

Internal exceptions (10 events):
Event: 8.665 Thread 0x000002cc7fdd3800 Exception <a 'java/lang/NoSuchMethodError'{0x0000000089128530}: java.lang.invoke.DirectMethodHandle$Holder.invokeSpecialIFC(Ljava/lang/Object;Ljava/lang/Object;Ljava/lang/Object;)I> (0x0000000089128530) thrown at [./open/src/hotspot/share/interpreter/link
Event: 8.719 Thread 0x000002cc7fdd3800 Exception <a 'java/lang/NoSuchMethodError'{0x000000008918fcc8}: java.lang.invoke.DirectMethodHandle$Holder.invokeStatic(Ljava/lang/Object;IIII)Ljava/lang/Object;> (0x000000008918fcc8) thrown at [./open/src/hotspot/share/interpreter/linkResolver.cpp, line 
Event: 8.719 Thread 0x000002cc7fdd3800 Exception <a 'java/lang/NoSuchMethodError'{0x0000000089192de0}: java.lang.invoke.DirectMethodHandle$Holder.invokeStaticInit(Ljava/lang/Object;IIII)Ljava/lang/Object;> (0x0000000089192de0) thrown at [./open/src/hotspot/share/interpreter/linkResolver.cpp, l
Event: 12.813 Thread 0x000002cc7fdd3800 Exception <a 'java/lang/NoSuchMethodError'{0x0000000089057d08}: java.lang.invoke.DirectMethodHandle$Holder.invokeStatic(Ljava/lang/Object;Ljava/lang/Object;IIII)Ljava/lang/Object;> (0x0000000089057d08) thrown at [./open/src/hotspot/share/interpreter/linkR
Event: 12.813 Thread 0x000002cc7fdd3800 Exception <a 'java/lang/NoSuchMethodError'{0x000000008905b050}: java.lang.invoke.DirectMethodHandle$Holder.invokeStaticInit(Ljava/lang/Object;Ljava/lang/Object;IIII)Ljava/lang/Object;> (0x000000008905b050) thrown at [./open/src/hotspot/share/interpreter/l
Event: 12.837 Thread 0x000002cc7fdd3800 Exception <a 'java/lang/ClassNotFoundException'{0x00000000890785b0}: javax/management/remote/rmi/RMIServerImpl_Skel> (0x00000000890785b0) thrown at [./open/src/hotspot/share/classfile/systemDictionary.cpp, line 228]
Event: 12.926 Thread 0x000002cc7fdd3800 Exception <a 'java/lang/ClassNotFoundException'{0x0000000088f2ab48}: jdk/internal/agent/resources/spi/agentProvider> (0x0000000088f2ab48) thrown at [./open/src/hotspot/share/classfile/systemDictionary.cpp, line 228]
Event: 12.941 Thread 0x000002cc7fdd3800 Exception <a 'java/lang/NoSuchMethodError'{0x0000000088f804a8}: java.lang.invoke.DirectMethodHandle$Holder.invokeStatic(Ljava/lang/Object;Ljava/lang/Object;Ljava/lang/Object;Ljava/lang/Object;Ljava/lang/Object;Ljava/lang/Object;Ljava/lang/Object;Ljava/lan
Event: 12.942 Thread 0x000002cc7fdd3800 Exception <a 'java/lang/NoSuchMethodError'{0x0000000088f8ccc8}: java.lang.invoke.DirectMethodHandle$Holder.invokeStatic(Ljava/lang/Object;Ljava/lang/Object;Ljava/lang/Object;Ljava/lang/Object;Ljava/lang/Object;Ljava/lang/Object;Ljava/lang/Object;Ljava/lan
Event: 12.946 Thread 0x000002cc7fdd3800 Exception <a 'java/lang/NoSuchMethodError'{0x0000000088fa69f8}: java.lang.invoke.DelegatingMethodHandle$Holder.reinvoke_L(Ljava/lang/Object;ILjava/lang/Object;)Ljava/lang/Object;> (0x0000000088fa69f8) thrown at [./open/src/hotspot/share/interpreter/linkRe

Events (10 events):
Event: 13.001 loading class ch/qos/logback/classic/spi/TurboFilterList
Event: 13.001 loading class ch/qos/logback/classic/spi/TurboFilterList done
Event: 13.001 loading class ch/qos/logback/classic/spi/LoggerContextVO
Event: 13.001 loading class ch/qos/logback/classic/spi/LoggerContextVO done
Event: 13.002 loading class ch/qos/logback/classic/Logger
Event: 13.002 loading class ch/qos/logback/classic/Logger done
Event: 13.003 loading class ch/qos/logback/core/spi/AppenderAttachable
Event: 13.003 loading class ch/qos/logback/core/spi/AppenderAttachable done
Event: 13.004 loading class ch/qos/logback/classic/Level
Event: 13.004 loading class ch/qos/logback/classic/Level done


Dynamic libraries:
0x00007ff6dda20000 - 0x00007ff6dda67000 	C:\Program Files\Java\jdk-11.0.7\bin\javaw.exe
0x00007ffc7b260000 - 0x00007ffc7b450000 	C:\WINDOWS\SYSTEM32\ntdll.dll
0x00007ffc7a210000 - 0x00007ffc7a2c2000 	C:\WINDOWS\System32\KERNEL32.DLL
0x00007ffc78310000 - 0x00007ffc785b4000 	C:\WINDOWS\System32\KERNELBASE.dll
0x00007ffc7b170000 - 0x00007ffc7b213000 	C:\WINDOWS\System32\ADVAPI32.dll
0x00007ffc7a170000 - 0x00007ffc7a20e000 	C:\WINDOWS\System32\msvcrt.dll
0x00007ffc7ac00000 - 0x00007ffc7ac97000 	C:\WINDOWS\System32\sechost.dll
0x00007ffc79520000 - 0x00007ffc79640000 	C:\WINDOWS\System32\RPCRT4.dll
0x00007ffc7a4c0000 - 0x00007ffc7a654000 	C:\WINDOWS\System32\USER32.dll
0x00007ffc79120000 - 0x00007ffc79141000 	C:\WINDOWS\System32\win32u.dll
0x00007ffc7a2e0000 - 0x00007ffc7a306000 	C:\WINDOWS\System32\GDI32.dll
0x00007ffc78e50000 - 0x00007ffc78fe6000 	C:\WINDOWS\System32\gdi32full.dll
0x00007ffc785c0000 - 0x00007ffc7865e000 	C:\WINDOWS\System32\msvcp_win.dll
0x00007ffc78ff0000 - 0x00007ffc790ea000 	C:\WINDOWS\System32\ucrtbase.dll
0x00007ffc69380000 - 0x00007ffc69604000 	C:\WINDOWS\WinSxS\amd64_microsoft.windows.common-controls_6595b64144ccf1df_6.0.18362.959_none_e6c7bbbf130c62bb\COMCTL32.dll
0x00007ffc79e20000 - 0x00007ffc7a155000 	C:\WINDOWS\System32\combase.dll
0x00007ffc6da40000 - 0x00007ffc6da4a000 	C:\WINDOWS\SYSTEM32\VERSION.dll
0x00007ffc78290000 - 0x00007ffc78310000 	C:\WINDOWS\System32\bcryptPrimitives.dll
0x00007ffc7ab20000 - 0x00007ffc7ab4e000 	C:\WINDOWS\System32\IMM32.DLL
0x00007ffc5ad30000 - 0x00007ffc5ad46000 	C:\Program Files\Java\jdk-11.0.7\bin\vcruntime140.dll
0x00007ffc56120000 - 0x00007ffc561ca000 	C:\Program Files\Java\jdk-11.0.7\bin\msvcp140.dll
0x00007ffc2a540000 - 0x00007ffc2b0a1000 	C:\Program Files\Java\jdk-11.0.7\bin\server\jvm.dll
0x00007ffc7a730000 - 0x00007ffc7a738000 	C:\WINDOWS\System32\PSAPI.DLL
0x00007ffc75c20000 - 0x00007ffc75c44000 	C:\WINDOWS\SYSTEM32\WINMM.dll
0x00007ffc615c0000 - 0x00007ffc615c9000 	C:\WINDOWS\SYSTEM32\WSOCK32.dll
0x00007ffc7a740000 - 0x00007ffc7a7af000 	C:\WINDOWS\System32\WS2_32.dll
0x00007ffc75bf0000 - 0x00007ffc75c1d000 	C:\WINDOWS\SYSTEM32\winmmbase.dll
0x00007ffc792c0000 - 0x00007ffc7930a000 	C:\WINDOWS\System32\cfgmgr32.dll
0x00007ffc78170000 - 0x00007ffc78181000 	C:\WINDOWS\System32\kernel.appcore.dll
0x00007ffc719b0000 - 0x00007ffc719c1000 	C:\Program Files\Java\jdk-11.0.7\bin\verify.dll
0x00007ffc62890000 - 0x00007ffc62a84000 	C:\WINDOWS\SYSTEM32\DBGHELP.DLL
0x00007ffc62860000 - 0x00007ffc6288a000 	C:\WINDOWS\SYSTEM32\dbgcore.DLL
0x00007ffc6e340000 - 0x00007ffc6e369000 	C:\Program Files\Java\jdk-11.0.7\bin\java.dll
0x00007ffc74a50000 - 0x00007ffc74a5a000 	C:\Program Files\Java\jdk-11.0.7\bin\jimage.dll
0x00007ffc691a0000 - 0x00007ffc691b6000 	C:\Program Files\Java\jdk-11.0.7\bin\zip.dll
0x00007ffc79640000 - 0x00007ffc79d26000 	C:\WINDOWS\System32\SHELL32.dll
0x00007ffc7ab50000 - 0x00007ffc7abf9000 	C:\WINDOWS\System32\shcore.dll
0x00007ffc78660000 - 0x00007ffc78de2000 	C:\WINDOWS\System32\windows.storage.dll
0x00007ffc78190000 - 0x00007ffc781b3000 	C:\WINDOWS\System32\profapi.dll
0x00007ffc78120000 - 0x00007ffc7816a000 	C:\WINDOWS\System32\powrprof.dll
0x00007ffc78110000 - 0x00007ffc78120000 	C:\WINDOWS\System32\UMPDC.dll
0x00007ffc7a310000 - 0x00007ffc7a362000 	C:\WINDOWS\System32\shlwapi.dll
0x00007ffc79150000 - 0x00007ffc79167000 	C:\WINDOWS\System32\cryptsp.dll
0x00007ffc69090000 - 0x00007ffc690a9000 	C:\Program Files\Java\jdk-11.0.7\bin\net.dll
0x00007ffc71eb0000 - 0x00007ffc71fa0000 	C:\WINDOWS\SYSTEM32\WINHTTP.dll
0x00007ffc77920000 - 0x00007ffc77987000 	C:\WINDOWS\system32\mswsock.dll
0x00007ffc61850000 - 0x00007ffc61863000 	C:\Program Files\Java\jdk-11.0.7\bin\nio.dll
0x00007ffc74650000 - 0x00007ffc74659000 	C:\Program Files\Java\jdk-11.0.7\bin\management.dll
0x00007ffc72d40000 - 0x00007ffc72d4c000 	C:\Program Files\Java\jdk-11.0.7\bin\management_ext.dll
0x00007ffc73320000 - 0x00007ffc73336000 	C:\WINDOWS\system32\napinsp.dll
0x00007ffc728c0000 - 0x00007ffc728da000 	C:\WINDOWS\system32\pnrpnsp.dll
0x00007ffc77670000 - 0x00007ffc7773b000 	C:\WINDOWS\SYSTEM32\DNSAPI.dll
0x00007ffc7a2d0000 - 0x00007ffc7a2d8000 	C:\WINDOWS\System32\NSI.dll
0x00007ffc77630000 - 0x00007ffc7766a000 	C:\WINDOWS\SYSTEM32\IPHLPAPI.DLL
0x00007ffc73310000 - 0x00007ffc7331e000 	C:\WINDOWS\System32\winrnr.dll
0x00007ffc74780000 - 0x00007ffc7479c000 	C:\WINDOWS\system32\NLAapi.dll
0x00007ffc73390000 - 0x00007ffc733a5000 	C:\WINDOWS\system32\wshbth.dll
0x00007ffc69810000 - 0x00007ffc6981a000 	C:\Windows\System32\rasadhlp.dll
0x00007ffc6d350000 - 0x00007ffc6d3c7000 	C:\WINDOWS\System32\fwpuclnt.dll
0x00007ffc790f0000 - 0x00007ffc79116000 	C:\WINDOWS\System32\bcrypt.dll
0x00007ffc77490000 - 0x00007ffc774c3000 	C:\WINDOWS\system32\rsaenh.dll
0x00007ffc78000000 - 0x00007ffc78025000 	C:\WINDOWS\SYSTEM32\USERENV.dll
0x00007ffc77af0000 - 0x00007ffc77afc000 	C:\WINDOWS\SYSTEM32\CRYPTBASE.dll
0x00007ffc6f640000 - 0x00007ffc6f656000 	C:\WINDOWS\SYSTEM32\dhcpcsvc6.DLL
0x00007ffc6f620000 - 0x00007ffc6f63c000 	C:\WINDOWS\SYSTEM32\dhcpcsvc.DLL

dbghelp: loaded successfully - version: 4.0.5 - missing functions: none
symbol engine: initialized successfully - sym options: 0x614 - pdb path: .;C:\Program Files\Java\jdk-11.0.7\bin;C:\WINDOWS\SYSTEM32;C:\WINDOWS\WinSxS\amd64_microsoft.windows.common-controls_6595b64144ccf1df_6.0.18362.959_none_e6c7bbbf130c62bb;C:\Program Files\Java\jdk-11.0.7\bin\server

VM Arguments:
jvm_args: -Dcom.sun.management.jmxremote -Dcom.sun.management.jmxremote.port=49214 -Dcom.sun.management.jmxremote.authenticate=false -Dcom.sun.management.jmxremote.ssl=false -Djava.rmi.server.hostname=localhost -Dspring.jmx.enabled=true -Dspring.application.admin.enabled=true -Xverify:none -XX:TieredStopAtLevel=1 -Dspring.boot.project.name=cursomc -Dfile.encoding=UTF-8 
java_command: com.felipedclc.cursomc.Cursomc1Application --spring.output.ansi.enabled=always
java_class_path (initial): C:\Users\felip\Desktop\Felipe\ws_spring\curso_spring\cursomc\target\classes;C:\Users\felip\.m2\repository\org\springframework\boot\spring-boot-starter-web\2.3.1.RELEASE\spring-boot-starter-web-2.3.1.RELEASE.jar;C:\Users\felip\.m2\repository\org\springframework\boot\spring-boot-starter\2.3.1.RELEASE\spring-boot-starter-2.3.1.RELEASE.jar;C:\Users\felip\.m2\repository\org\springframework\boot\spring-boot-starter-logging\2.3.1.RELEASE\spring-boot-starter-logging-2.3.1.RELEASE.jar;C:\Users\felip\.m2\repository\ch\qos\logback\logback-classic\1.2.3\logback-classic-1.2.3.jar;C:\Users\felip\.m2\repository\ch\qos\logback\logback-core\1.2.3\logback-core-1.2.3.jar;C:\Users\felip\.m2\repository\org\apache\logging\log4j\log4j-to-slf4j\2.13.3\log4j-to-slf4j-2.13.3.jar;C:\Users\felip\.m2\repository\org\apache\logging\log4j\log4j-api\2.13.3\log4j-api-2.13.3.jar;C:\Users\felip\.m2\repository\org\slf4j\jul-to-slf4j\1.7.30\jul-to-slf4j-1.7.30.jar;C:\Users\felip\.m2\repository\jakarta\annotation\jakarta.annotation-api\1.3.5\jakarta.annotation-api-1.3.5.jar;C:\Users\felip\.m2\repository\org\yaml\snakeyaml\1.26\snakeyaml-1.26.jar;C:\Users\felip\.m2\repository\org\springframework\boot\spring-boot-starter-json\2.3.1.RELEASE\spring-boot-starter-json-2.3.1.RELEASE.jar;C:\Users\felip\.m2\repository\com\fasterxml\jackson\datatype\jackson-datatype-jdk8\2.11.0\jackson-datatype-jdk8-2.11.0.jar;C:\Users\felip\.m2\repository\com\fasterxml\jackson\datatype\jackson-datatype-jsr310\2.11.0\jackson-datatype-jsr310-2.11.0.jar;C:\Users\felip\.m2\repository\com\fasterxml\jackson\module\jackson-module-parameter-names\2.11.0\jackson-module-parameter-names-2.11.0.jar;C:\Users\felip\.m2\repository\org\springframework\boot\spring-boot-starter-tomcat\2.3.1.RELEASE\spring-boot-starter-tomcat-2.3.1.RELEASE.jar;C:\Users\felip\.m2\repository\org\apache\tomcat\embed\tomcat-embed-core\9.0.36\tomcat-embed-core-9.0.36.jar;C:\Users\felip\.m2\repository\org\glassfish\jakarta.el\3.0.3\jakarta.el
Launcher Type: SUN_STANDARD

[Global flags]
     bool BytecodeVerificationLocal                = false                                     {product} {command line}
     bool BytecodeVerificationRemote               = false                                     {product} {command line}
     intx CICompilerCount                          = 3                                         {product} {ergonomic}
     uint ConcGCThreads                            = 1                                         {product} {ergonomic}
     uint G1ConcRefinementThreads                  = 4                                         {product} {ergonomic}
   size_t G1HeapRegionSize                         = 1048576                                   {product} {ergonomic}
    uintx GCDrainStackTargetSize                   = 64                                        {product} {ergonomic}
   size_t InitialHeapSize                          = 134217728                                 {product} {ergonomic}
     bool ManagementServer                         = true                                      {product} {command line}
   size_t MarkStackSize                            = 4194304                                   {product} {ergonomic}
   size_t MaxHeapSize                              = 2122317824                                {product} {ergonomic}
   size_t MaxNewSize                               = 1272971264                                {product} {ergonomic}
   size_t MinHeapDeltaBytes                        = 1048576                                   {product} {ergonomic}
    uintx NonNMethodCodeHeapSize                   = 6973028                                {pd product} {ergonomic}
    uintx NonProfiledCodeHeapSize                  = 244685212                              {pd product} {ergonomic}
    uintx ProfiledCodeHeapSize                     = 0                                      {pd product} {ergonomic}
    uintx ReservedCodeCacheSize                    = 251658240                              {pd product} {ergonomic}
     bool SegmentedCodeCache                       = true                                      {product} {ergonomic}
     intx TieredStopAtLevel                        = 1                                         {product} {command line}
     bool UseCompressedClassPointers               = true                                 {lp64_product} {ergonomic}
     bool UseCompressedOops                        = true                                 {lp64_product} {ergonomic}
     bool UseG1GC                                  = true                                      {product} {ergonomic}
     bool UseLargePagesIndividualAllocation        = false                                  {pd product} {ergonomic}

Logging:
Log output configuration:
 #0: stdout all=warning uptime,level,tags
 #1: stderr all=off uptime,level,tags

Environment Variables:
JAVA_HOME=C:\Program Files\Java\jdk-11.0.7
PATH=C:/Program Files/Java/jdk-11.0.7/bin/server;C:/Program Files/Java/jdk-11.0.7/bin;C:\Program Files (x86)\Intel\iCLS Client\;C:\Program Files\Intel\iCLS Client\;C:\WINDOWS\system32;C:\WINDOWS;C:\WINDOWS\System32\Wbem;C:\WINDOWS\System32\WindowsPowerShell\v1.0\;C:\Program Files (x86)\Intel\Intel(R) Management Engine Components\DAL;C:\Program Files\Intel\Intel(R) Management Engine Components\DAL;C:\Program Files (x86)\Intel\Intel(R) Management Engine Components\IPT;C:\Program Files\Intel\Intel(R) Management Engine Components\IPT;C:\WINDOWS\System32\OpenSSH\;C:\Program Files\dotnet\;C:\Program Files\Microsoft SQL Server\130\Tools\Binn\;C:\Program Files\Microsoft SQL Server\Client SDK\ODBC\170\Tools\Binn\;C:\Program Files\Java\jdk-11.0.7\bin;C:\Program Files\Git\cmd;C:\Program Files\Java\jdk-11.0.7\bin;C:\Program Files\MongoDB\Server\4.2\bin;C:\xampp\mysql\bin;C:\Program Files\MySQL\MySQL Shell 8.0\bin\;C:\Users\felip\AppData\Local\Programs\Python\Python38-32\Scripts\;C:\Users\felip\AppData\Local\Programs\Python\Python38-32\;C:\Users\felip\AppData\Local\Microsoft\WindowsApps;C:\Users\felip\AppData\Local\Programs\Microsoft VS Code\bin;C:\Program Files\Java\jdk-11.0.7bin;C:\Program Files\heroku\bin;C:\Users\felip\Downloads\sts-4.7.0.RELEASE;
USERNAME=felip
OS=Windows_NT
PROCESSOR_IDENTIFIER=Intel64 Family 6 Model 61 Stepping 4, GenuineIntel



---------------  S Y S T E M  ---------------

OS: Windows 10 , 64 bit Build 18362 (10.0.18362.959)

CPU:total 4 (initial active 4) (2 cores per cpu, 2 threads per core) family 6 model 61 stepping 4, cmov, cx8, fxsr, mmx, sse, sse2, sse3, ssse3, sse4.1, sse4.2, popcnt, avx, avx2, aes, clmul, erms, 3dnowpref, lzcnt, ht, tsc, tscinvbit, bmi1, bmi2, adx, fma

Memory: 4k page, system-wide physical 8094M (1736M free)
TotalPageFile size 12992M (AvailPageFile size 2713M)
current process WorkingSet (physical memory assigned to process): 78M, peak: 78M
current process commit charge ("private bytes"): 217M, peak: 217M

vm_info: Java HotSpot(TM) 64-Bit Server VM (11.0.7+8-LTS) for windows-amd64 JRE (11.0.7+8-LTS), built on Mar 12 2020 02:04:32 by "mach5one" with MS VC++ 15.5 (VS2017)

END.
