#
# A fatal error has been detected by the Java Runtime Environment:
#
#  EXCEPTION_ACCESS_VIOLATION (0xc0000005) at pc=0x00007ffc53b66cd0, pid=15604, tid=13560
#
# JRE version: Java(TM) SE Runtime Environment 18.9 (11.0.7+8) (build 11.0.7+8-LTS)
# Java VM: Java HotSpot(TM) 64-Bit Server VM 18.9 (11.0.7+8-LTS, mixed mode, tiered, compressed oops, g1 gc, windows-amd64)
# Problematic frame:
# V  [jvm.dll+0x2c6cd0]
#
# No core dump will be written. Minidumps are not enabled by default on client versions of Windows
#
# If you would like to submit a bug report, please visit:
#   https://bugreport.java.com/bugreport/crash.jsp
#

---------------  S U M M A R Y ------------

Command Line: -Dcom.sun.management.jmxremote -Dcom.sun.management.jmxremote.port=51465 -Dcom.sun.management.jmxremote.authenticate=false -Dcom.sun.management.jmxremote.ssl=false -Djava.rmi.server.hostname=localhost -Dspring.jmx.enabled=true -Dspring.application.admin.enabled=true -Xverify:none -XX:TieredStopAtLevel=1 -Dspring.boot.project.name=cursomc -Dfile.encoding=UTF-8 com.felipedclc.cursomc.Cursomc1Application --spring.output.ansi.enabled=always

Host: Intel(R) Core(TM) i5-5200U CPU @ 2.20GHz, 4 cores, 7G,  Windows 10 , 64 bit Build 18362 (10.0.18362.959)
Time: Wed Jul 29 20:45:26 2020 Hora oficial do Brasil elapsed time: 113 seconds (0d 0h 1m 53s)

---------------  T H R E A D  ---------------

Current thread (0x000001c35f4de000):  VMThread "VM Thread" [stack: 0x000000835b900000,0x000000835ba00000] [id=13560]

Stack: [0x000000835b900000,0x000000835ba00000],  sp=0x000000835b9fe7e0,  free space=1017k
Native frames: (J=compiled Java code, j=interpreted, Vv=VM code, C=native code)
V  [jvm.dll+0x2c6cd0]
V  [jvm.dll+0x1e7174]
V  [jvm.dll+0x736fe0]
V  [jvm.dll+0x306e95]
V  [jvm.dll+0x30640b]
V  [jvm.dll+0x2f224c]
V  [jvm.dll+0x7aa843]
V  [jvm.dll+0x7a9d5c]
V  [jvm.dll+0x7a80e7]
V  [jvm.dll+0x7a8910]
V  [jvm.dll+0x7a8c17]
V  [jvm.dll+0x75e875]
V  [jvm.dll+0x660b26]
C  [ucrtbase.dll+0x20e82]
C  [KERNEL32.DLL+0x17bd4]
C  [ntdll.dll+0x6ce51]


siginfo: EXCEPTION_ACCESS_VIOLATION (0xc0000005), reading address 0x000001c300000027


Register to memory mapping:

RIP=0x00007ffc53b66cd0 jvm.dll
RAX=0x000001c360eec410 points into unknown readable memory: 0f 00 00 00 c3 01 00 00
RBX=0x000001c35f393650 points into unknown readable memory: 00 00 00 00 00 00 00 00
RCX=0x000001c360f09440 points into unknown readable memory: 01 00 00 00 00 00 00 00
RDX=0x0 is NULL
RSP=0x000000835b9fe7e0 points into unknown readable memory: f0 22 0c 41 c3 01 00 00
RBP=0x0000000000000008 is an unknown value
RSI=0x000001c30000000f is an unknown value
RDI=0x000001c365218f18 points into unknown readable memory: e0 3a 50 5f c3 01 00 00
R8 =0x0 is NULL
R9 =0x0000000000000008 is an unknown value
R10=0x00000000546c6148 is an unknown value
R11=0x000000835b9fe8f8 points into unknown readable memory: 74 71 a8 53 fc 7f 00 00
R12=0x00007ffc5410a501 jvm.dll
R13=0x00007ffc543672f0 jvm.dll
R14=0x00000000000005ad is an unknown value
R15=0x0000000000000004 is an unknown value


Registers:
RAX=0x000001c360eec410, RBX=0x000001c35f393650, RCX=0x000001c360f09440, RDX=0x0000000000000000
RSP=0x000000835b9fe7e0, RBP=0x0000000000000008, RSI=0x000001c30000000f, RDI=0x000001c365218f18
R8 =0x0000000000000000, R9 =0x0000000000000008, R10=0x00000000546c6148, R11=0x000000835b9fe8f8
R12=0x00007ffc5410a501, R13=0x00007ffc543672f0, R14=0x00000000000005ad, R15=0x0000000000000004
RIP=0x00007ffc53b66cd0, EFLAGS=0x0000000000010206

Top of Stack: (sp=0x000000835b9fe7e0)
0x000000835b9fe7e0:   000001c3410c22f0 00007ffc53ed3585
0x000000835b9fe7f0:   000001c3410c22f0 00007ffc53ed38c1
0x000000835b9fe800:   0000000000000000 000001c360f09440
0x000000835b9fe810:   0000000000000000 000001c365218f18
0x000000835b9fe820:   000001c3410c22f0 00007ffc53ed3585
0x000000835b9fe830:   000001c3410c22f0 00007ffc53ea94cb
0x000000835b9fe840:   000001c3410c5ec0 00007ffc53ea94cb
0x000000835b9fe850:   0000000000000000 00007ffc53ed3635
0x000000835b9fe860:   0000000000000000 000001c35f4de000
0x000000835b9fe870:   000001c35f393650 00007ffc53af7995
0x000000835b9fe880:   000001c3410c5ec0 00007ffc53ea94cb
0x000000835b9fe890:   000001c3410c22f0 0000000000000000
0x000000835b9fe8a0:   0000000000000000 000001c35f393650
0x000000835b9fe8b0:   000001c35f393650 0000000000000004
0x000000835b9fe8c0:   0000347d95e8f7b2 00007ffc5410a501
0x000000835b9fe8d0:   0000000000000004 00000000000005ad 

Instructions: (pc=0x00007ffc53b66cd0)
0x00007ffc53b66cb0:   48 8b 41 08 48 8b 34 02 48 85 f6 0f 84 a4 01 00
0x00007ffc53b66cc0:   00 0f 1f 40 00 66 66 66 0f 1f 84 00 00 00 00 00
0x00007ffc53b66cd0:   48 8b 5e 18 45 33 f6 48 85 db 0f 84 68 01 00 00
0x00007ffc53b66ce0:   48 8b cb e8 98 ff 3c 00 48 85 c0 0f 85 48 01 00 


Stack slot to memory mapping:
stack at sp + 0 slots: 0x000001c3410c22f0 points into unknown readable memory: 00 00 00 00 00 00 00 00
stack at sp + 1 slots: 0x00007ffc53ed3585 jvm.dll
stack at sp + 2 slots: 0x000001c3410c22f0 points into unknown readable memory: 00 00 00 00 00 00 00 00
stack at sp + 3 slots: 0x00007ffc53ed38c1 jvm.dll
stack at sp + 4 slots: 0x0 is NULL
stack at sp + 5 slots: 0x000001c360f09440 points into unknown readable memory: 01 00 00 00 00 00 00 00
stack at sp + 6 slots: 0x0 is NULL
stack at sp + 7 slots: 0x000001c365218f18 points into unknown readable memory: e0 3a 50 5f c3 01 00 00

VM_Operation (0x000000835b0fee30): G1CollectFull, mode: safepoint, requested by thread 0x000001c365533800


---------------  P R O C E S S  ---------------

Threads class SMR info:
_java_thread_list=0x000001c361194e80, length=15, elements={
0x000001c35f506000, 0x000001c35f512000, 0x000001c35f523800, 0x000001c35fe85800,
0x000001c35fe87800, 0x000001c35fe9e800, 0x000001c35f49a000, 0x000001c3600a0800,
0x000001c360f06800, 0x000001c360eff800, 0x000001c360f18800, 0x000001c3610f5000,
0x000001c365534000, 0x000001c36553e000, 0x000001c365533800
}

Java Threads: ( => current thread )
  0x000001c35f506000 JavaThread "Reference Handler" daemon [_thread_blocked, id=11612, stack(0x000000835ba00000,0x000000835bb00000)]
  0x000001c35f512000 JavaThread "Finalizer" daemon [_thread_blocked, id=11020, stack(0x000000835bb00000,0x000000835bc00000)]
  0x000001c35f523800 JavaThread "Signal Dispatcher" daemon [_thread_blocked, id=10712, stack(0x000000835bc00000,0x000000835bd00000)]
  0x000001c35fe85800 JavaThread "Attach Listener" daemon [_thread_blocked, id=5412, stack(0x000000835bd00000,0x000000835be00000)]
  0x000001c35fe87800 JavaThread "C1 CompilerThread0" daemon [_thread_blocked, id=14208, stack(0x000000835be00000,0x000000835bf00000)]
  0x000001c35fe9e800 JavaThread "Sweeper thread" daemon [_thread_blocked, id=17404, stack(0x000000835bf00000,0x000000835c000000)]
  0x000001c35f49a000 JavaThread "Common-Cleaner" daemon [_thread_blocked, id=5248, stack(0x000000835c000000,0x000000835c100000)]
  0x000001c3600a0800 JavaThread "Service Thread" daemon [_thread_blocked, id=12304, stack(0x000000835c100000,0x000000835c200000)]
  0x000001c360f06800 JavaThread "RMI TCP Accept-0" daemon [_thread_in_native, id=2184, stack(0x000000835c400000,0x000000835c500000)]
  0x000001c360eff800 JavaThread "RMI TCP Accept-51465" daemon [_thread_in_native, id=12532, stack(0x000000835c500000,0x000000835c600000)]
  0x000001c360f18800 JavaThread "RMI TCP Accept-0" daemon [_thread_in_native, id=19024, stack(0x000000835c600000,0x000000835c700000)]
  0x000001c3610f5000 JavaThread "mysql-cj-abandoned-connection-cleanup" daemon [_thread_blocked, id=15040, stack(0x000000835ca00000,0x000000835cb00000)]
  0x000001c365534000 JavaThread "Live Reload Server" daemon [_thread_in_native, id=16948, stack(0x000000835d500000,0x000000835d600000)]
  0x000001c36553e000 JavaThread "DestroyJavaVM" [_thread_blocked, id=18840, stack(0x000000835b300000,0x000000835b400000)]
  0x000001c365533800 JavaThread "Thread-213" [_thread_blocked, id=13688, stack(0x000000835b000000,0x000000835b100000)]

Other Threads:
=>0x000001c35f4de000 VMThread "VM Thread" [stack: 0x000000835b900000,0x000000835ba00000] [id=13560]
  0x000001c360f8d800 WatcherThread [stack: 0x000000835c700000,0x000000835c800000] [id=2408]
  0x000001c3410c7800 GCTaskThread "GC Thread#0" [stack: 0x000000835b400000,0x000000835b500000] [id=9036]
  0x000001c360a21800 GCTaskThread "GC Thread#1" [stack: 0x000000835c200000,0x000000835c300000] [id=14692]
  0x000001c360a22000 GCTaskThread "GC Thread#2" [stack: 0x000000835c300000,0x000000835c400000] [id=9240]
  0x000001c36141c800 GCTaskThread "GC Thread#3" [stack: 0x000000835cb00000,0x000000835cc00000] [id=7820]
  0x000001c3410f8000 ConcurrentGCThread "G1 Main Marker" [stack: 0x000000835b500000,0x000000835b600000] [id=10908]
  0x000001c3410fa000 ConcurrentGCThread "G1 Conc#0" [stack: 0x000000835b600000,0x000000835b700000] [id=6600]
  0x000001c35f34d800 ConcurrentGCThread "G1 Refine#0" [stack: 0x000000835b700000,0x000000835b800000] [id=18060]
  0x000001c35f34e000 ConcurrentGCThread "G1 Young RemSet Sampling" [stack: 0x000000835b800000,0x000000835b900000] [id=15272]

Threads with active compile tasks:
C1 CompilerThread07130   !   1       org.springframework.beans.factory.support.DefaultSingletonBeanRegistry::destroyBean (385 bytes)

VM state:at safepoint (normal execution)

VM Mutex/Monitor currently owned by a thread:  ([mutex/lock_event])
[0x000001c3410b0e90] Threads_lock - owner thread: 0x000001c35f4de000
[0x000001c3410b0fb0] Heap_lock - owner thread: 0x000001c365533800

Heap address: 0x0000000081800000, size: 2024 MB, Compressed Oops mode: 32-bit
Narrow klass base: 0x0000000000000000, Narrow klass shift: 3
Compressed class space size: 1073741824 Address: 0x0000000100000000

Heap:
 garbage-first heap   total 189440K, used 146589K [0x0000000081800000, 0x0000000100000000)
  region size 1024K, 111 young (113664K), 10 survivors (10240K)
 Metaspace       used 74694K, capacity 76564K, committed 76712K, reserved 1116160K
  class space    used 9769K, capacity 10509K, committed 10572K, reserved 1048576K
Heap Regions: E=young(eden), S=young(survivor), O=old, HS=humongous(starts), HC=humongous(continues), CS=collection set, F=free, A=archive, TAMS=top-at-mark-start (previous, next)
|   0|0x0000000081800000, 0x0000000081900000, 0x0000000081900000|100%|HS|  |TAMS 0x0000000081900000, 0x0000000081800000| Complete 
|   1|0x0000000081900000, 0x0000000081a00000, 0x0000000081a00000|100%| O|  |TAMS 0x0000000081a00000, 0x0000000081900000| Untracked 
|   2|0x0000000081a00000, 0x0000000081b00000, 0x0000000081b00000|100%| O|  |TAMS 0x0000000081b00000, 0x0000000081a00000| Untracked 
|   3|0x0000000081b00000, 0x0000000081c00000, 0x0000000081c00000|100%| O|  |TAMS 0x0000000081c00000, 0x0000000081b00000| Untracked 
|   4|0x0000000081c00000, 0x0000000081d00000, 0x0000000081d00000|100%| O|  |TAMS 0x0000000081d00000, 0x0000000081c00000| Untracked 
|   5|0x0000000081d00000, 0x0000000081e00000, 0x0000000081e00000|100%| O|  |TAMS 0x0000000081e00000, 0x0000000081d00000| Untracked 
|   6|0x0000000081e00000, 0x0000000081f00000, 0x0000000081f00000|100%| O|  |TAMS 0x0000000081f00000, 0x0000000081e00000| Untracked 
|   7|0x0000000081f00000, 0x0000000082000000, 0x0000000082000000|100%| O|  |TAMS 0x0000000082000000, 0x0000000081f00000| Untracked 
|   8|0x0000000082000000, 0x0000000082100000, 0x0000000082100000|100%| O|  |TAMS 0x0000000082100000, 0x0000000082000000| Untracked 
|   9|0x0000000082100000, 0x0000000082200000, 0x0000000082200000|100%| O|  |TAMS 0x0000000082200000, 0x0000000082100000| Untracked 
|  10|0x0000000082200000, 0x0000000082300000, 0x0000000082300000|100%| O|  |TAMS 0x0000000082300000, 0x0000000082200000| Untracked 
|  11|0x0000000082300000, 0x0000000082400000, 0x0000000082400000|100%| O|  |TAMS 0x0000000082400000, 0x0000000082300000| Untracked 
|  12|0x0000000082400000, 0x0000000082500000, 0x0000000082500000|100%| O|  |TAMS 0x0000000082500000, 0x0000000082400000| Untracked 
|  13|0x0000000082500000, 0x0000000082600000, 0x0000000082600000|100%| O|  |TAMS 0x0000000082600000, 0x0000000082500000| Untracked 
|  14|0x0000000082600000, 0x0000000082700000, 0x0000000082700000|100%| O|  |TAMS 0x0000000082700000, 0x0000000082600000| Untracked 
|  15|0x0000000082700000, 0x0000000082800000, 0x0000000082800000|100%| O|  |TAMS 0x0000000082800000, 0x0000000082700000| Untracked 
|  16|0x0000000082800000, 0x0000000082900000, 0x0000000082900000|100%| O|  |TAMS 0x0000000082900000, 0x0000000082800000| Untracked 
|  17|0x0000000082900000, 0x0000000082a00000, 0x0000000082a00000|100%| O|  |TAMS 0x0000000082a00000, 0x0000000082900000| Untracked 
|  18|0x0000000082a00000, 0x0000000082b00000, 0x0000000082b00000|100%| O|  |TAMS 0x0000000082b00000, 0x0000000082a00000| Untracked 
|  19|0x0000000082b00000, 0x0000000082c00000, 0x0000000082c00000|100%| O|  |TAMS 0x0000000082c00000, 0x0000000082b00000| Untracked 
|  20|0x0000000082c00000, 0x0000000082d00000, 0x0000000082d00000|100%| O|  |TAMS 0x0000000082d00000, 0x0000000082c00000| Untracked 
|  21|0x0000000082d00000, 0x0000000082e00000, 0x0000000082e00000|100%| O|  |TAMS 0x0000000082e00000, 0x0000000082d00000| Untracked 
|  22|0x0000000082e00000, 0x0000000082f00000, 0x0000000082f00000|100%| O|  |TAMS 0x0000000082f00000, 0x0000000082e00000| Untracked 
|  23|0x0000000082f00000, 0x0000000083000000, 0x0000000083000000|100%| O|  |TAMS 0x0000000083000000, 0x0000000082f00000| Untracked 
|  24|0x0000000083000000, 0x0000000083100000, 0x0000000083100000|100%| O|  |TAMS 0x0000000083100000, 0x0000000083000000| Untracked 
|  25|0x0000000083100000, 0x0000000083200000, 0x0000000083200000|100%| O|  |TAMS 0x0000000083200000, 0x0000000083100000| Untracked 
|  26|0x0000000083200000, 0x0000000083300000, 0x0000000083300000|100%| O|  |TAMS 0x0000000083300000, 0x0000000083200000| Untracked 
|  27|0x0000000083300000, 0x0000000083400000, 0x0000000083400000|100%| O|  |TAMS 0x0000000083400000, 0x0000000083300000| Untracked 
|  28|0x0000000083400000, 0x0000000083500000, 0x0000000083500000|100%| O|  |TAMS 0x0000000083500000, 0x0000000083400000| Untracked 
|  29|0x0000000083500000, 0x0000000083600000, 0x0000000083600000|100%| O|  |TAMS 0x0000000083583e00, 0x0000000083500000| Untracked 
|  30|0x0000000083600000, 0x0000000083700000, 0x0000000083700000|100%| O|  |TAMS 0x0000000083600000, 0x0000000083600000| Untracked 
|  31|0x0000000083700000, 0x0000000083800000, 0x0000000083800000|100%| O|  |TAMS 0x0000000083700000, 0x0000000083700000| Untracked 
|  32|0x0000000083800000, 0x0000000083827400, 0x0000000083900000| 15%| O|  |TAMS 0x0000000083800000, 0x0000000083800000| Untracked 
|  33|0x0000000083900000, 0x0000000083900000, 0x0000000083a00000|  0%| F|  |TAMS 0x0000000083900000, 0x0000000083900000| Untracked 
|  34|0x0000000083a00000, 0x0000000083a00000, 0x0000000083b00000|  0%| F|  |TAMS 0x0000000083a00000, 0x0000000083a00000| Untracked 
|  35|0x0000000083b00000, 0x0000000083b00000, 0x0000000083c00000|  0%| F|  |TAMS 0x0000000083b00000, 0x0000000083b00000| Untracked 
|  36|0x0000000083c00000, 0x0000000083c00000, 0x0000000083d00000|  0%| F|  |TAMS 0x0000000083c00000, 0x0000000083c00000| Untracked 
|  37|0x0000000083d00000, 0x0000000083d00000, 0x0000000083e00000|  0%| F|  |TAMS 0x0000000083d00000, 0x0000000083d00000| Untracked 
|  38|0x0000000083e00000, 0x0000000083e00000, 0x0000000083f00000|  0%| F|  |TAMS 0x0000000083e00000, 0x0000000083e00000| Untracked 
|  39|0x0000000083f00000, 0x0000000083f00000, 0x0000000084000000|  0%| F|  |TAMS 0x0000000083f00000, 0x0000000083f00000| Untracked 
|  40|0x0000000084000000, 0x0000000084000000, 0x0000000084100000|  0%| F|  |TAMS 0x0000000084000000, 0x0000000084000000| Untracked 
|  41|0x0000000084100000, 0x0000000084100000, 0x0000000084200000|  0%| F|  |TAMS 0x0000000084100000, 0x0000000084100000| Untracked 
|  42|0x0000000084200000, 0x0000000084200000, 0x0000000084300000|  0%| F|  |TAMS 0x0000000084200000, 0x0000000084200000| Untracked 
|  43|0x0000000084300000, 0x0000000084300000, 0x0000000084400000|  0%| F|  |TAMS 0x0000000084300000, 0x0000000084300000| Untracked 
|  44|0x0000000084400000, 0x0000000084400000, 0x0000000084500000|  0%| F|  |TAMS 0x0000000084400000, 0x0000000084400000| Untracked 
|  45|0x0000000084500000, 0x0000000084500000, 0x0000000084600000|  0%| F|  |TAMS 0x0000000084500000, 0x0000000084500000| Untracked 
|  46|0x0000000084600000, 0x0000000084600000, 0x0000000084700000|  0%| F|  |TAMS 0x0000000084600000, 0x0000000084600000| Untracked 
|  47|0x0000000084700000, 0x0000000084700000, 0x0000000084800000|  0%| F|  |TAMS 0x0000000084700000, 0x0000000084700000| Untracked 
|  48|0x0000000084800000, 0x0000000084800000, 0x0000000084900000|  0%| F|  |TAMS 0x0000000084800000, 0x0000000084800000| Untracked 
|  49|0x0000000084900000, 0x0000000084900000, 0x0000000084a00000|  0%| F|  |TAMS 0x0000000084900000, 0x0000000084900000| Untracked 
|  50|0x0000000084a00000, 0x0000000084a00000, 0x0000000084b00000|  0%| F|  |TAMS 0x0000000084a00000, 0x0000000084a00000| Untracked 
|  51|0x0000000084b00000, 0x0000000084b00000, 0x0000000084c00000|  0%| F|  |TAMS 0x0000000084b00000, 0x0000000084b00000| Untracked 
|  52|0x0000000084c00000, 0x0000000084c00000, 0x0000000084d00000|  0%| F|  |TAMS 0x0000000084c00000, 0x0000000084c00000| Untracked 
|  53|0x0000000084d00000, 0x0000000084d00000, 0x0000000084e00000|  0%| F|  |TAMS 0x0000000084d00000, 0x0000000084d00000| Untracked 
|  54|0x0000000084e00000, 0x0000000084e00000, 0x0000000084f00000|  0%| F|  |TAMS 0x0000000084e00000, 0x0000000084e00000| Untracked 
|  55|0x0000000084f00000, 0x0000000084f00000, 0x0000000085000000|  0%| F|  |TAMS 0x0000000084f00000, 0x0000000084f00000| Untracked 
|  56|0x0000000085000000, 0x0000000085000000, 0x0000000085100000|  0%| F|  |TAMS 0x0000000085000000, 0x0000000085000000| Untracked 
|  57|0x0000000085100000, 0x0000000085100000, 0x0000000085200000|  0%| F|  |TAMS 0x0000000085100000, 0x0000000085100000| Untracked 
|  58|0x0000000085200000, 0x0000000085200000, 0x0000000085300000|  0%| F|  |TAMS 0x0000000085200000, 0x0000000085200000| Untracked 
|  59|0x0000000085300000, 0x0000000085300000, 0x0000000085400000|  0%| F|  |TAMS 0x0000000085300000, 0x0000000085300000| Untracked 
|  60|0x0000000085400000, 0x0000000085400000, 0x0000000085500000|  0%| F|  |TAMS 0x0000000085400000, 0x0000000085400000| Untracked 
|  61|0x0000000085500000, 0x0000000085500000, 0x0000000085600000|  0%| F|  |TAMS 0x0000000085500000, 0x0000000085500000| Untracked 
|  62|0x0000000085600000, 0x0000000085600000, 0x0000000085700000|  0%| F|  |TAMS 0x0000000085600000, 0x0000000085600000| Untracked 
|  63|0x0000000085700000, 0x0000000085700000, 0x0000000085800000|  0%| F|  |TAMS 0x0000000085700000, 0x0000000085700000| Untracked 
|  64|0x0000000085800000, 0x0000000085900000, 0x0000000085900000|100%| S|  |TAMS 0x0000000085800000, 0x0000000085800000| Complete 
|  65|0x0000000085900000, 0x0000000085a00000, 0x0000000085a00000|100%| S|  |TAMS 0x0000000085900000, 0x0000000085900000| Complete 
|  66|0x0000000085a00000, 0x0000000085b00000, 0x0000000085b00000|100%| S|  |TAMS 0x0000000085a00000, 0x0000000085a00000| Complete 
|  67|0x0000000085b00000, 0x0000000085c00000, 0x0000000085c00000|100%| S|  |TAMS 0x0000000085b00000, 0x0000000085b00000| Complete 
|  68|0x0000000085c00000, 0x0000000085d00000, 0x0000000085d00000|100%| S|  |TAMS 0x0000000085c00000, 0x0000000085c00000| Complete 
|  69|0x0000000085d00000, 0x0000000085e00000, 0x0000000085e00000|100%| S|  |TAMS 0x0000000085d00000, 0x0000000085d00000| Complete 
|  70|0x0000000085e00000, 0x0000000085f00000, 0x0000000085f00000|100%| S|  |TAMS 0x0000000085e00000, 0x0000000085e00000| Complete 
|  71|0x0000000085f00000, 0x0000000086000000, 0x0000000086000000|100%| S|  |TAMS 0x0000000085f00000, 0x0000000085f00000| Complete 
|  72|0x0000000086000000, 0x0000000086100000, 0x0000000086100000|100%| S|  |TAMS 0x0000000086000000, 0x0000000086000000| Complete 
|  73|0x0000000086100000, 0x0000000086200000, 0x0000000086200000|100%| S|  |TAMS 0x0000000086100000, 0x0000000086100000| Complete 
|  74|0x0000000086200000, 0x0000000086200000, 0x0000000086300000|  0%| F|  |TAMS 0x0000000086200000, 0x0000000086200000| Untracked 
|  75|0x0000000086300000, 0x0000000086300000, 0x0000000086400000|  0%| F|  |TAMS 0x0000000086300000, 0x0000000086300000| Untracked 
|  76|0x0000000086400000, 0x0000000086400000, 0x0000000086500000|  0%| F|  |TAMS 0x0000000086400000, 0x0000000086400000| Untracked 
|  77|0x0000000086500000, 0x0000000086500000, 0x0000000086600000|  0%| F|  |TAMS 0x0000000086500000, 0x0000000086500000| Untracked 
|  78|0x0000000086600000, 0x0000000086600000, 0x0000000086700000|  0%| F|  |TAMS 0x0000000086600000, 0x0000000086600000| Untracked 
|  79|0x0000000086700000, 0x0000000086700000, 0x0000000086800000|  0%| F|  |TAMS 0x0000000086700000, 0x0000000086700000| Untracked 
|  80|0x0000000086800000, 0x0000000086800000, 0x0000000086900000|  0%| F|  |TAMS 0x0000000086800000, 0x0000000086800000| Untracked 
|  81|0x0000000086900000, 0x0000000086900000, 0x0000000086a00000|  0%| F|  |TAMS 0x0000000086900000, 0x0000000086900000| Untracked 
|  82|0x0000000086a00000, 0x0000000086a00000, 0x0000000086b00000|  0%| F|  |TAMS 0x0000000086a00000, 0x0000000086a00000| Untracked 
|  83|0x0000000086b00000, 0x0000000086b00000, 0x0000000086c00000|  0%| F|  |TAMS 0x0000000086b00000, 0x0000000086b00000| Untracked 
|  84|0x0000000086c00000, 0x0000000086d00000, 0x0000000086d00000|100%| E|  |TAMS 0x0000000086c00000, 0x0000000086c00000| Complete 
|  85|0x0000000086d00000, 0x0000000086e00000, 0x0000000086e00000|100%| E|  |TAMS 0x0000000086d00000, 0x0000000086d00000| Complete 
|  86|0x0000000086e00000, 0x0000000086f00000, 0x0000000086f00000|100%| E|  |TAMS 0x0000000086e00000, 0x0000000086e00000| Complete 
|  87|0x0000000086f00000, 0x0000000087000000, 0x0000000087000000|100%| E|  |TAMS 0x0000000086f00000, 0x0000000086f00000| Complete 
|  88|0x0000000087000000, 0x0000000087100000, 0x0000000087100000|100%| E|  |TAMS 0x0000000087000000, 0x0000000087000000| Complete 
|  89|0x0000000087100000, 0x0000000087200000, 0x0000000087200000|100%| E|  |TAMS 0x0000000087100000, 0x0000000087100000| Complete 
|  90|0x0000000087200000, 0x0000000087300000, 0x0000000087300000|100%| E|  |TAMS 0x0000000087200000, 0x0000000087200000| Complete 
|  91|0x0000000087300000, 0x0000000087400000, 0x0000000087400000|100%| E|  |TAMS 0x0000000087300000, 0x0000000087300000| Complete 
|  92|0x0000000087400000, 0x0000000087500000, 0x0000000087500000|100%| E|  |TAMS 0x0000000087400000, 0x0000000087400000| Complete 
|  93|0x0000000087500000, 0x0000000087600000, 0x0000000087600000|100%| E|  |TAMS 0x0000000087500000, 0x0000000087500000| Complete 
|  94|0x0000000087600000, 0x0000000087700000, 0x0000000087700000|100%| E|  |TAMS 0x0000000087600000, 0x0000000087600000| Complete 
|  95|0x0000000087700000, 0x0000000087800000, 0x0000000087800000|100%| E|  |TAMS 0x0000000087700000, 0x0000000087700000| Complete 
|  96|0x0000000087800000, 0x0000000087900000, 0x0000000087900000|100%| E|  |TAMS 0x0000000087800000, 0x0000000087800000| Complete 
|  97|0x0000000087900000, 0x0000000087a00000, 0x0000000087a00000|100%| E|  |TAMS 0x0000000087900000, 0x0000000087900000| Complete 
|  98|0x0000000087a00000, 0x0000000087b00000, 0x0000000087b00000|100%| E|  |TAMS 0x0000000087a00000, 0x0000000087a00000| Complete 
|  99|0x0000000087b00000, 0x0000000087c00000, 0x0000000087c00000|100%| E|  |TAMS 0x0000000087b00000, 0x0000000087b00000| Complete 
| 100|0x0000000087c00000, 0x0000000087d00000, 0x0000000087d00000|100%| E|  |TAMS 0x0000000087c00000, 0x0000000087c00000| Complete 
| 101|0x0000000087d00000, 0x0000000087e00000, 0x0000000087e00000|100%| E|  |TAMS 0x0000000087d00000, 0x0000000087d00000| Complete 
| 102|0x0000000087e00000, 0x0000000087f00000, 0x0000000087f00000|100%| E|  |TAMS 0x0000000087e00000, 0x0000000087e00000| Complete 
| 103|0x0000000087f00000, 0x0000000088000000, 0x0000000088000000|100%| E|  |TAMS 0x0000000087f00000, 0x0000000087f00000| Complete 
| 104|0x0000000088000000, 0x0000000088100000, 0x0000000088100000|100%| E|  |TAMS 0x0000000088000000, 0x0000000088000000| Complete 
| 105|0x0000000088100000, 0x0000000088200000, 0x0000000088200000|100%| E|  |TAMS 0x0000000088100000, 0x0000000088100000| Complete 
| 106|0x0000000088200000, 0x0000000088300000, 0x0000000088300000|100%| E|  |TAMS 0x0000000088200000, 0x0000000088200000| Complete 
| 107|0x0000000088300000, 0x0000000088400000, 0x0000000088400000|100%| E|  |TAMS 0x0000000088300000, 0x0000000088300000| Complete 
| 108|0x0000000088400000, 0x0000000088500000, 0x0000000088500000|100%| E|  |TAMS 0x0000000088400000, 0x0000000088400000| Complete 
| 109|0x0000000088500000, 0x0000000088600000, 0x0000000088600000|100%| E|  |TAMS 0x0000000088500000, 0x0000000088500000| Complete 
| 110|0x0000000088600000, 0x0000000088700000, 0x0000000088700000|100%| E|  |TAMS 0x0000000088600000, 0x0000000088600000| Complete 
| 111|0x0000000088700000, 0x0000000088800000, 0x0000000088800000|100%| E|  |TAMS 0x0000000088700000, 0x0000000088700000| Complete 
| 112|0x0000000088800000, 0x0000000088900000, 0x0000000088900000|100%| E|  |TAMS 0x0000000088800000, 0x0000000088800000| Complete 
| 113|0x0000000088900000, 0x0000000088a00000, 0x0000000088a00000|100%| E|  |TAMS 0x0000000088900000, 0x0000000088900000| Complete 
| 114|0x0000000088a00000, 0x0000000088b00000, 0x0000000088b00000|100%| E|  |TAMS 0x0000000088a00000, 0x0000000088a00000| Complete 
| 115|0x0000000088b00000, 0x0000000088c00000, 0x0000000088c00000|100%| E|  |TAMS 0x0000000088b00000, 0x0000000088b00000| Complete 
| 116|0x0000000088c00000, 0x0000000088d00000, 0x0000000088d00000|100%| E|  |TAMS 0x0000000088c00000, 0x0000000088c00000| Complete 
| 117|0x0000000088d00000, 0x0000000088e00000, 0x0000000088e00000|100%| E|  |TAMS 0x0000000088d00000, 0x0000000088d00000| Complete 
| 118|0x0000000088e00000, 0x0000000088f00000, 0x0000000088f00000|100%| E|  |TAMS 0x0000000088e00000, 0x0000000088e00000| Complete 
| 119|0x0000000088f00000, 0x0000000089000000, 0x0000000089000000|100%| E|  |TAMS 0x0000000088f00000, 0x0000000088f00000| Complete 
| 120|0x0000000089000000, 0x0000000089100000, 0x0000000089100000|100%| E|  |TAMS 0x0000000089000000, 0x0000000089000000| Complete 
| 121|0x0000000089100000, 0x0000000089200000, 0x0000000089200000|100%| E|  |TAMS 0x0000000089100000, 0x0000000089100000| Complete 
| 122|0x0000000089200000, 0x0000000089300000, 0x0000000089300000|100%| E|  |TAMS 0x0000000089200000, 0x0000000089200000| Complete 
| 123|0x0000000089300000, 0x0000000089400000, 0x0000000089400000|100%| E|  |TAMS 0x0000000089300000, 0x0000000089300000| Complete 
| 124|0x0000000089400000, 0x0000000089500000, 0x0000000089500000|100%| E|  |TAMS 0x0000000089400000, 0x0000000089400000| Complete 
| 125|0x0000000089500000, 0x0000000089600000, 0x0000000089600000|100%| E|  |TAMS 0x0000000089500000, 0x0000000089500000| Complete 
| 126|0x0000000089600000, 0x0000000089700000, 0x0000000089700000|100%| E|  |TAMS 0x0000000089600000, 0x0000000089600000| Complete 
| 127|0x0000000089700000, 0x0000000089800000, 0x0000000089800000|100%| E|  |TAMS 0x0000000089700000, 0x0000000089700000| Complete 
| 128|0x0000000089800000, 0x0000000089900000, 0x0000000089900000|100%| E|  |TAMS 0x0000000089800000, 0x0000000089800000| Complete 
| 129|0x0000000089900000, 0x0000000089a00000, 0x0000000089a00000|100%| E|  |TAMS 0x0000000089900000, 0x0000000089900000| Complete 
| 130|0x0000000089a00000, 0x0000000089b00000, 0x0000000089b00000|100%| E|  |TAMS 0x0000000089a00000, 0x0000000089a00000| Complete 
| 131|0x0000000089b00000, 0x0000000089c00000, 0x0000000089c00000|100%| E|  |TAMS 0x0000000089b00000, 0x0000000089b00000| Complete 
| 132|0x0000000089c00000, 0x0000000089d00000, 0x0000000089d00000|100%| E|  |TAMS 0x0000000089c00000, 0x0000000089c00000| Complete 
| 133|0x0000000089d00000, 0x0000000089e00000, 0x0000000089e00000|100%| E|  |TAMS 0x0000000089d00000, 0x0000000089d00000| Complete 
| 134|0x0000000089e00000, 0x0000000089f00000, 0x0000000089f00000|100%| E|  |TAMS 0x0000000089e00000, 0x0000000089e00000| Complete 
| 135|0x0000000089f00000, 0x000000008a000000, 0x000000008a000000|100%| E|  |TAMS 0x0000000089f00000, 0x0000000089f00000| Complete 
| 136|0x000000008a000000, 0x000000008a100000, 0x000000008a100000|100%| E|  |TAMS 0x000000008a000000, 0x000000008a000000| Complete 
| 137|0x000000008a100000, 0x000000008a200000, 0x000000008a200000|100%| E|  |TAMS 0x000000008a100000, 0x000000008a100000| Complete 
| 138|0x000000008a200000, 0x000000008a300000, 0x000000008a300000|100%| E|  |TAMS 0x000000008a200000, 0x000000008a200000| Complete 
| 139|0x000000008a300000, 0x000000008a400000, 0x000000008a400000|100%| E|  |TAMS 0x000000008a300000, 0x000000008a300000| Complete 
| 140|0x000000008a400000, 0x000000008a500000, 0x000000008a500000|100%| E|  |TAMS 0x000000008a400000, 0x000000008a400000| Complete 
| 141|0x000000008a500000, 0x000000008a600000, 0x000000008a600000|100%| E|  |TAMS 0x000000008a500000, 0x000000008a500000| Complete 
| 142|0x000000008a600000, 0x000000008a700000, 0x000000008a700000|100%| E|  |TAMS 0x000000008a600000, 0x000000008a600000| Complete 
| 143|0x000000008a700000, 0x000000008a800000, 0x000000008a800000|100%| E|  |TAMS 0x000000008a700000, 0x000000008a700000| Complete 
| 144|0x000000008a800000, 0x000000008a900000, 0x000000008a900000|100%| E|  |TAMS 0x000000008a800000, 0x000000008a800000| Complete 
| 145|0x000000008a900000, 0x000000008aa00000, 0x000000008aa00000|100%| E|  |TAMS 0x000000008a900000, 0x000000008a900000| Complete 
| 146|0x000000008aa00000, 0x000000008ab00000, 0x000000008ab00000|100%| E|  |TAMS 0x000000008aa00000, 0x000000008aa00000| Complete 
| 147|0x000000008ab00000, 0x000000008ac00000, 0x000000008ac00000|100%| E|  |TAMS 0x000000008ab00000, 0x000000008ab00000| Complete 
| 148|0x000000008ac00000, 0x000000008ad00000, 0x000000008ad00000|100%| E|  |TAMS 0x000000008ac00000, 0x000000008ac00000| Complete 
| 149|0x000000008ad00000, 0x000000008ae00000, 0x000000008ae00000|100%| E|  |TAMS 0x000000008ad00000, 0x000000008ad00000| Complete 
| 150|0x000000008ae00000, 0x000000008af00000, 0x000000008af00000|100%| E|  |TAMS 0x000000008ae00000, 0x000000008ae00000| Complete 
| 151|0x000000008af00000, 0x000000008b000000, 0x000000008b000000|100%| E|  |TAMS 0x000000008af00000, 0x000000008af00000| Complete 
| 152|0x000000008b000000, 0x000000008b100000, 0x000000008b100000|100%| E|  |TAMS 0x000000008b000000, 0x000000008b000000| Complete 
| 153|0x000000008b100000, 0x000000008b200000, 0x000000008b200000|100%| E|  |TAMS 0x000000008b100000, 0x000000008b100000| Complete 
| 154|0x000000008b200000, 0x000000008b300000, 0x000000008b300000|100%| E|  |TAMS 0x000000008b200000, 0x000000008b200000| Complete 
| 155|0x000000008b300000, 0x000000008b400000, 0x000000008b400000|100%| E|  |TAMS 0x000000008b300000, 0x000000008b300000| Complete 
| 156|0x000000008b400000, 0x000000008b500000, 0x000000008b500000|100%| E|  |TAMS 0x000000008b400000, 0x000000008b400000| Complete 
| 157|0x000000008b500000, 0x000000008b600000, 0x000000008b600000|100%| E|  |TAMS 0x000000008b500000, 0x000000008b500000| Complete 
| 158|0x000000008b600000, 0x000000008b700000, 0x000000008b700000|100%| E|  |TAMS 0x000000008b600000, 0x000000008b600000| Complete 
| 159|0x000000008b700000, 0x000000008b800000, 0x000000008b800000|100%| E|  |TAMS 0x000000008b700000, 0x000000008b700000| Complete 
| 160|0x000000008b800000, 0x000000008b900000, 0x000000008b900000|100%| E|  |TAMS 0x000000008b800000, 0x000000008b800000| Complete 
| 161|0x000000008b900000, 0x000000008ba00000, 0x000000008ba00000|100%| E|  |TAMS 0x000000008b900000, 0x000000008b900000| Complete 
| 162|0x000000008ba00000, 0x000000008bb00000, 0x000000008bb00000|100%| E|  |TAMS 0x000000008ba00000, 0x000000008ba00000| Complete 
| 163|0x000000008bb00000, 0x000000008bc00000, 0x000000008bc00000|100%| E|  |TAMS 0x000000008bb00000, 0x000000008bb00000| Complete 
| 164|0x000000008bc00000, 0x000000008bd00000, 0x000000008bd00000|100%| E|  |TAMS 0x000000008bc00000, 0x000000008bc00000| Complete 
| 165|0x000000008bd00000, 0x000000008be00000, 0x000000008be00000|100%| E|  |TAMS 0x000000008bd00000, 0x000000008bd00000| Complete 
| 166|0x000000008be00000, 0x000000008bf00000, 0x000000008bf00000|100%| E|  |TAMS 0x000000008be00000, 0x000000008be00000| Complete 
| 167|0x000000008bf00000, 0x000000008c000000, 0x000000008c000000|100%| E|  |TAMS 0x000000008bf00000, 0x000000008bf00000| Complete 
| 168|0x000000008c000000, 0x000000008c100000, 0x000000008c100000|100%| E|  |TAMS 0x000000008c000000, 0x000000008c000000| Complete 
| 169|0x000000008c100000, 0x000000008c200000, 0x000000008c200000|100%| E|  |TAMS 0x000000008c100000, 0x000000008c100000| Complete 
| 170|0x000000008c200000, 0x000000008c300000, 0x000000008c300000|100%| E|  |TAMS 0x000000008c200000, 0x000000008c200000| Complete 
| 171|0x000000008c300000, 0x000000008c400000, 0x000000008c400000|100%| E|  |TAMS 0x000000008c300000, 0x000000008c300000| Complete 
| 172|0x000000008c400000, 0x000000008c500000, 0x000000008c500000|100%| E|  |TAMS 0x000000008c400000, 0x000000008c400000| Complete 
| 173|0x000000008c500000, 0x000000008c600000, 0x000000008c600000|100%| E|  |TAMS 0x000000008c500000, 0x000000008c500000| Complete 
| 174|0x000000008c600000, 0x000000008c700000, 0x000000008c700000|100%| E|  |TAMS 0x000000008c600000, 0x000000008c600000| Complete 
| 175|0x000000008c700000, 0x000000008c800000, 0x000000008c800000|100%| E|  |TAMS 0x000000008c700000, 0x000000008c700000| Complete 
| 176|0x000000008c800000, 0x000000008c900000, 0x000000008c900000|100%| E|  |TAMS 0x000000008c800000, 0x000000008c800000| Complete 
| 177|0x000000008c900000, 0x000000008ca00000, 0x000000008ca00000|100%| E|  |TAMS 0x000000008c900000, 0x000000008c900000| Complete 
| 178|0x000000008ca00000, 0x000000008cb00000, 0x000000008cb00000|100%| E|  |TAMS 0x000000008ca00000, 0x000000008ca00000| Complete 
| 179|0x000000008cb00000, 0x000000008cc00000, 0x000000008cc00000|100%| E|  |TAMS 0x000000008cb00000, 0x000000008cb00000| Complete 
| 180|0x000000008cc00000, 0x000000008cd00000, 0x000000008cd00000|100%| E|  |TAMS 0x000000008cc00000, 0x000000008cc00000| Complete 
| 181|0x000000008cd00000, 0x000000008ce00000, 0x000000008ce00000|100%| E|  |TAMS 0x000000008cd00000, 0x000000008cd00000| Complete 
| 182|0x000000008ce00000, 0x000000008cf00000, 0x000000008cf00000|100%| E|  |TAMS 0x000000008ce00000, 0x000000008ce00000| Complete 
| 183|0x000000008cf00000, 0x000000008d000000, 0x000000008d000000|100%| E|  |TAMS 0x000000008cf00000, 0x000000008cf00000| Complete 
| 184|0x000000008d000000, 0x000000008d100000, 0x000000008d100000|100%| E|  |TAMS 0x000000008d000000, 0x000000008d000000| Complete 

Card table byte_map: [0x000001c3588a0000,0x000001c358ca0000] _byte_map_base: 0x000001c358494000

Marking Bits (Prev, Next): (CMBitMap*) 0x000001c3410ef390, (CMBitMap*) 0x000001c3410ef358
 Prev Bits: [0x000001c35b040000, 0x000001c35cfe0000)
 Next Bits: [0x000001c3590a0000, 0x000001c35b040000)

Polling page: 0x000001c33efb0000

Metaspace:

Usage:
  Non-class:     64.51 MB capacity,    63.40 MB ( 98%) used,   901.98 KB (  1%) free+waste,   228.25 KB ( <1%) overhead. 
      Class:     10.26 MB capacity,     9.54 MB ( 93%) used,   631.03 KB (  6%) free+waste,   108.69 KB (  1%) overhead. 
       Both:     74.77 MB capacity,    72.94 MB ( 98%) used,     1.50 MB (  2%) free+waste,   336.94 KB ( <1%) overhead. 

Virtual space:
  Non-class space:       66.00 MB reserved,      64.59 MB ( 98%) committed 
      Class space:        1.00 GB reserved,      10.32 MB (  1%) committed 
             Both:        1.06 GB reserved,      74.91 MB (  7%) committed 

Chunk freelists:
   Non-Class:  2.63 KB
       Class:  2.38 KB
        Both:  5.00 KB

CodeHeap 'non-profiled nmethods': size=238912Kb used=11549Kb max_used=11549Kb free=227362Kb
 bounds [0x000001c349b50000, 0x000001c34a6a0000, 0x000001c3584a0000]
CodeHeap 'non-nmethods': size=6848Kb used=1287Kb max_used=1287Kb free=5560Kb
 bounds [0x000001c3494a0000, 0x000001c349710000, 0x000001c349b50000]
 total_blobs=7825 nmethods=7106 adapters=606
 compilation: enabled
              stopped_count=0, restarted_count=0
 full_count=0

Compilation events (10 events):
Event: 113.034 Thread 0x000001c35fe87800 nmethod 7124 0x000001c34a696010 code [0x000001c34a6961c0, 0x000001c34a696350]
Event: 113.034 Thread 0x000001c35fe87800 7125       1       java.util.concurrent.locks.ReentrantLock::tryLock (9 bytes)
Event: 113.034 Thread 0x000001c35fe87800 nmethod 7125 0x000001c34a696410 code [0x000001c34a6965c0, 0x000001c34a696710]
Event: 113.034 Thread 0x000001c35fe87800 7127       1       org.h2.mvstore.MVStore::setOldestVersionToKeep (40 bytes)
Event: 113.035 Thread 0x000001c35fe87800 nmethod 7127 0x000001c34a696790 code [0x000001c34a696920, 0x000001c34a696ab8]
Event: 113.236 Thread 0x000001c35fe87800 7128       1       ch.qos.logback.classic.Logger::appendLoopOnAppenders (18 bytes)
Event: 113.236 Thread 0x000001c35fe87800 nmethod 7128 0x000001c34a696b90 code [0x000001c34a696d40, 0x000001c34a696eb0]
Event: 113.239 Thread 0x000001c35fe87800 7129       1       java.util.concurrent.locks.AbstractQueuedSynchronizer$ConditionObject::signal (33 bytes)
Event: 113.240 Thread 0x000001c35fe87800 nmethod 7129 0x000001c34a696f90 code [0x000001c34a697160, 0x000001c34a697390]
Event: 113.241 Thread 0x000001c35fe87800 7130   !   1       org.springframework.beans.factory.support.DefaultSingletonBeanRegistry::destroyBean (385 bytes)

GC Heap History (10 events):
Event: 9.477 GC heap after
{Heap after GC invocations=14 (full 0):
 garbage-first heap   total 157696K, used 30566K [0x0000000081800000, 0x0000000100000000)
  region size 1024K, 7 young (7168K), 7 survivors (7168K)
 Metaspace       used 35789K, capacity 37046K, committed 37200K, reserved 1081344K
  class space    used 4513K, capacity 5015K, committed 5068K, reserved 1048576K
}
Event: 10.880 GC heap before
{Heap before GC invocations=14 (full 0):
 garbage-first heap   total 157696K, used 116582K [0x0000000081800000, 0x0000000100000000)
  region size 1024K, 93 young (95232K), 7 survivors (7168K)
 Metaspace       used 43671K, capacity 44909K, committed 45008K, reserved 1089536K
  class space    used 5424K, capacity 5924K, committed 5964K, reserved 1048576K
}
Event: 10.893 GC heap after
{Heap after GC invocations=15 (full 0):
 garbage-first heap   total 157696K, used 32985K [0x0000000081800000, 0x0000000100000000)
  region size 1024K, 9 young (9216K), 9 survivors (9216K)
 Metaspace       used 43671K, capacity 44909K, committed 45008K, reserved 1089536K
  class space    used 5424K, capacity 5924K, committed 5964K, reserved 1048576K
}
Event: 12.426 GC heap before
{Heap before GC invocations=15 (full 0):
 garbage-first heap   total 157696K, used 116953K [0x0000000081800000, 0x0000000100000000)
  region size 1024K, 92 young (94208K), 9 survivors (9216K)
 Metaspace       used 53126K, capacity 54459K, committed 54736K, reserved 1097728K
  class space    used 6679K, capacity 7191K, committed 7244K, reserved 1048576K
}
Event: 12.446 GC heap after
{Heap after GC invocations=16 (full 0):
 garbage-first heap   total 189440K, used 37493K [0x0000000081800000, 0x0000000100000000)
  region size 1024K, 9 young (9216K), 9 survivors (9216K)
 Metaspace       used 53126K, capacity 54459K, committed 54736K, reserved 1097728K
  class space    used 6679K, capacity 7191K, committed 7244K, reserved 1048576K
}
Event: 13.316 GC heap before
{Heap before GC invocations=16 (full 0):
 garbage-first heap   total 189440K, used 107125K [0x0000000081800000, 0x0000000100000000)
  region size 1024K, 78 young (79872K), 9 survivors (9216K)
 Metaspace       used 58875K, capacity 60287K, committed 60496K, reserved 1101824K
  class space    used 7603K, capacity 8117K, committed 8140K, reserved 1048576K
}
Event: 13.332 GC heap after
{Heap after GC invocations=17 (full 0):
 garbage-first heap   total 189440K, used 40185K [0x0000000081800000, 0x0000000100000000)
  region size 1024K, 10 young (10240K), 10 survivors (10240K)
 Metaspace       used 58875K, capacity 60287K, committed 60496K, reserved 1101824K
  class space    used 7603K, capacity 8117K, committed 8140K, reserved 1048576K
}
Event: 14.991 GC heap before
{Heap before GC invocations=18 (full 0):
 garbage-first heap   total 189440K, used 143609K [0x0000000081800000, 0x0000000100000000)
  region size 1024K, 111 young (113664K), 10 survivors (10240K)
 Metaspace       used 65823K, capacity 67533K, committed 67752K, reserved 1107968K
  class space    used 8602K, capacity 9254K, committed 9292K, reserved 1048576K
}
Event: 15.011 GC heap after
{Heap after GC invocations=19 (full 0):
 garbage-first heap   total 189440K, used 43165K [0x0000000081800000, 0x0000000100000000)
  region size 1024K, 10 young (10240K), 10 survivors (10240K)
 Metaspace       used 65823K, capacity 67533K, committed 67752K, reserved 1107968K
  class space    used 8602K, capacity 9254K, committed 9292K, reserved 1048576K
}
Event: 113.300 GC heap before
{Heap before GC invocations=19 (full 0):
 garbage-first heap   total 189440K, used 145565K [0x0000000081800000, 0x0000000100000000)
  region size 1024K, 111 young (113664K), 10 survivors (10240K)
 Metaspace       used 74694K, capacity 76564K, committed 76712K, reserved 1116160K
  class space    used 9769K, capacity 10509K, committed 10572K, reserved 1048576K
}

Deoptimization events (0 events):
No events

Classes redefined (0 events):
No events

Internal exceptions (10 events):
Event: 15.101 Thread 0x000001c36135b800 Exception <a 'java/lang/ClassNotFoundException'{0x000000008c8bf670}: com/felipedclc/cursomc/domain/PagamentoCustomizer> (0x000000008c8bf670) thrown at [./open/src/hotspot/share/classfile/systemDictionary.cpp, line 228]
Event: 15.103 Thread 0x000001c36135b800 Exception <a 'java/lang/ClassNotFoundException'{0x000000008c8ed278}: com/felipedclc/cursomc/domain/PagamentoComCartaoCustomizer> (0x000000008c8ed278) thrown at [./open/src/hotspot/share/classfile/systemDictionary.cpp, line 228]
Event: 15.113 Thread 0x000001c36135b800 Exception <a 'java/lang/ClassNotFoundException'{0x000000008c730be8}: java/lang/ObjectCustomizer> (0x000000008c730be8) thrown at [./open/src/hotspot/share/classfile/systemDictionary.cpp, line 228]
Event: 15.115 Thread 0x000001c36135b800 Exception <a 'java/lang/ClassNotFoundException'{0x000000008c758e10}: com/felipedclc/cursomc/domain/PagamentoCustomizer> (0x000000008c758e10) thrown at [./open/src/hotspot/share/classfile/systemDictionary.cpp, line 228]
Event: 15.116 Thread 0x000001c36135b800 Exception <a 'java/lang/ClassNotFoundException'{0x000000008c786c68}: com/felipedclc/cursomc/domain/PagamentoComBoletoCustomizer> (0x000000008c786c68) thrown at [./open/src/hotspot/share/classfile/systemDictionary.cpp, line 228]
Event: 15.205 Thread 0x000001c36135b800 Exception <a 'java/lang/NoSuchMethodError'{0x000000008c36c010}: java.lang.invoke.DirectMethodHandle$Holder.invokeInterface(Ljava/lang/Object;Ljava/lang/Object;Ljava/lang/Object;Ljava/lang/Object;)Ljava/lang/Object;> (0x000000008c36c010) thrown at [./open/
Event: 15.458 Thread 0x000001c36135b800 Exception <a 'java/lang/IncompatibleClassChangeError'{0x000000008ad83ba0}: Found class java.lang.Object, but interface was expected> (0x000000008ad83ba0) thrown at [./open/src/hotspot/share/interpreter/linkResolver.cpp, line 838]
Event: 15.850 Thread 0x000001c36135b800 Exception <a 'java/lang/NullPointerException'{0x00000000898cea08}> (0x00000000898cea08) thrown at [./open/src/hotspot/share/interpreter/linkResolver.cpp, line 1436]
Event: 112.999 Thread 0x000001c363e77800 Exception <a 'java/lang/InterruptedException'{0x0000000086d00040}: sleep interrupted> (0x0000000086d00040) thrown at [./open/src/hotspot/share/prims/jvm.cpp, line 3106]
Event: 113.007 Thread 0x000001c363e79000 Exception <a 'java/lang/InterruptedException'{0x00000000874808f0}: sleep interrupted> (0x00000000874808f0) thrown at [./open/src/hotspot/share/prims/jvm.cpp, line 3106]

Events (10 events):
Event: 113.240 Executing VM operation: RevokeBias
Event: 113.240 Executing VM operation: RevokeBias done
Event: 113.240 Executing VM operation: RevokeBias
Event: 113.240 Executing VM operation: RevokeBias done
Event: 113.240 Executing VM operation: RevokeBias
Event: 113.241 Executing VM operation: RevokeBias done
Event: 113.241 Executing VM operation: RevokeBias
Event: 113.241 Executing VM operation: RevokeBias done
Event: 113.241 Thread 0x000001c365536000 Thread exited: 0x000001c365536000
Event: 113.242 Executing VM operation: G1CollectFull


Dynamic libraries:
0x00007ff68c7d0000 - 0x00007ff68c817000 	C:\Program Files\Java\jdk-11.0.7\bin\javaw.exe
0x00007ffc7b260000 - 0x00007ffc7b450000 	C:\WINDOWS\SYSTEM32\ntdll.dll
0x00007ffc7a210000 - 0x00007ffc7a2c2000 	C:\WINDOWS\System32\KERNEL32.DLL
0x00007ffc78310000 - 0x00007ffc785b4000 	C:\WINDOWS\System32\KERNELBASE.dll
0x00007ffc7b170000 - 0x00007ffc7b213000 	C:\WINDOWS\System32\ADVAPI32.dll
0x00007ffc7a170000 - 0x00007ffc7a20e000 	C:\WINDOWS\System32\msvcrt.dll
0x00007ffc7ac00000 - 0x00007ffc7ac97000 	C:\WINDOWS\System32\sechost.dll
0x00007ffc79520000 - 0x00007ffc79640000 	C:\WINDOWS\System32\RPCRT4.dll
0x00007ffc7a4c0000 - 0x00007ffc7a654000 	C:\WINDOWS\System32\USER32.dll
0x00007ffc79120000 - 0x00007ffc79141000 	C:\WINDOWS\System32\win32u.dll
0x00007ffc7a2e0000 - 0x00007ffc7a306000 	C:\WINDOWS\System32\GDI32.dll
0x00007ffc78e50000 - 0x00007ffc78fe6000 	C:\WINDOWS\System32\gdi32full.dll
0x00007ffc785c0000 - 0x00007ffc7865e000 	C:\WINDOWS\System32\msvcp_win.dll
0x00007ffc78ff0000 - 0x00007ffc790ea000 	C:\WINDOWS\System32\ucrtbase.dll
0x00007ffc69380000 - 0x00007ffc69604000 	C:\WINDOWS\WinSxS\amd64_microsoft.windows.common-controls_6595b64144ccf1df_6.0.18362.959_none_e6c7bbbf130c62bb\COMCTL32.dll
0x00007ffc6da40000 - 0x00007ffc6da4a000 	C:\WINDOWS\SYSTEM32\VERSION.dll
0x00007ffc79e20000 - 0x00007ffc7a155000 	C:\WINDOWS\System32\combase.dll
0x00007ffc78290000 - 0x00007ffc78310000 	C:\WINDOWS\System32\bcryptPrimitives.dll
0x00007ffc7ab20000 - 0x00007ffc7ab4e000 	C:\WINDOWS\System32\IMM32.DLL
0x00007ffc6e3f0000 - 0x00007ffc6e406000 	C:\Program Files\Java\jdk-11.0.7\bin\vcruntime140.dll
0x00007ffc57e30000 - 0x00007ffc57eda000 	C:\Program Files\Java\jdk-11.0.7\bin\msvcp140.dll
0x00007ffc538a0000 - 0x00007ffc54401000 	C:\Program Files\Java\jdk-11.0.7\bin\server\jvm.dll
0x00007ffc7a730000 - 0x00007ffc7a738000 	C:\WINDOWS\System32\PSAPI.DLL
0x00007ffc615c0000 - 0x00007ffc615c9000 	C:\WINDOWS\SYSTEM32\WSOCK32.dll
0x00007ffc7a740000 - 0x00007ffc7a7af000 	C:\WINDOWS\System32\WS2_32.dll
0x00007ffc75c20000 - 0x00007ffc75c44000 	C:\WINDOWS\SYSTEM32\WINMM.dll
0x00007ffc75bf0000 - 0x00007ffc75c1d000 	C:\WINDOWS\SYSTEM32\WINMMBASE.dll
0x00007ffc792c0000 - 0x00007ffc7930a000 	C:\WINDOWS\System32\cfgmgr32.dll
0x00007ffc78170000 - 0x00007ffc78181000 	C:\WINDOWS\System32\kernel.appcore.dll
0x00007ffc6e390000 - 0x00007ffc6e3a1000 	C:\Program Files\Java\jdk-11.0.7\bin\verify.dll
0x00007ffc62890000 - 0x00007ffc62a84000 	C:\WINDOWS\SYSTEM32\DBGHELP.DLL
0x00007ffc62860000 - 0x00007ffc6288a000 	C:\WINDOWS\SYSTEM32\dbgcore.DLL
0x00007ffc6e360000 - 0x00007ffc6e389000 	C:\Program Files\Java\jdk-11.0.7\bin\java.dll
0x00007ffc74a40000 - 0x00007ffc74a4a000 	C:\Program Files\Java\jdk-11.0.7\bin\jimage.dll
0x00007ffc6e2f0000 - 0x00007ffc6e306000 	C:\Program Files\Java\jdk-11.0.7\bin\zip.dll
0x00007ffc79640000 - 0x00007ffc79d26000 	C:\WINDOWS\System32\SHELL32.dll
0x00007ffc7ab50000 - 0x00007ffc7abf9000 	C:\WINDOWS\System32\shcore.dll
0x00007ffc78660000 - 0x00007ffc78de2000 	C:\WINDOWS\System32\windows.storage.dll
0x00007ffc78190000 - 0x00007ffc781b3000 	C:\WINDOWS\System32\profapi.dll
0x00007ffc78120000 - 0x00007ffc7816a000 	C:\WINDOWS\System32\powrprof.dll
0x00007ffc78110000 - 0x00007ffc78120000 	C:\WINDOWS\System32\UMPDC.dll
0x00007ffc7a310000 - 0x00007ffc7a362000 	C:\WINDOWS\System32\shlwapi.dll
0x00007ffc79150000 - 0x00007ffc79167000 	C:\WINDOWS\System32\cryptsp.dll
0x00007ffc6e2d0000 - 0x00007ffc6e2e9000 	C:\Program Files\Java\jdk-11.0.7\bin\net.dll
0x00007ffc71eb0000 - 0x00007ffc71fa0000 	C:\WINDOWS\SYSTEM32\WINHTTP.dll
0x00007ffc77920000 - 0x00007ffc77987000 	C:\WINDOWS\system32\mswsock.dll
0x00007ffc6e2b0000 - 0x00007ffc6e2c3000 	C:\Program Files\Java\jdk-11.0.7\bin\nio.dll
0x00007ffc74960000 - 0x00007ffc74969000 	C:\Program Files\Java\jdk-11.0.7\bin\management.dll
0x00007ffc747b0000 - 0x00007ffc747bc000 	C:\Program Files\Java\jdk-11.0.7\bin\management_ext.dll
0x00007ffc73320000 - 0x00007ffc73336000 	C:\WINDOWS\system32\napinsp.dll
0x00007ffc728c0000 - 0x00007ffc728da000 	C:\WINDOWS\system32\pnrpnsp.dll
0x00007ffc77670000 - 0x00007ffc7773b000 	C:\WINDOWS\SYSTEM32\DNSAPI.dll
0x00007ffc7a2d0000 - 0x00007ffc7a2d8000 	C:\WINDOWS\System32\NSI.dll
0x00007ffc77630000 - 0x00007ffc7766a000 	C:\WINDOWS\SYSTEM32\IPHLPAPI.DLL
0x00007ffc73310000 - 0x00007ffc7331e000 	C:\WINDOWS\System32\winrnr.dll
0x00007ffc74780000 - 0x00007ffc7479c000 	C:\WINDOWS\system32\NLAapi.dll
0x00007ffc73390000 - 0x00007ffc733a5000 	C:\WINDOWS\system32\wshbth.dll
0x00007ffc69810000 - 0x00007ffc6981a000 	C:\Windows\System32\rasadhlp.dll
0x00007ffc6d350000 - 0x00007ffc6d3c7000 	C:\WINDOWS\System32\fwpuclnt.dll
0x00007ffc790f0000 - 0x00007ffc79116000 	C:\WINDOWS\System32\bcrypt.dll
0x00007ffc77490000 - 0x00007ffc774c3000 	C:\WINDOWS\system32\rsaenh.dll
0x00007ffc78000000 - 0x00007ffc78025000 	C:\WINDOWS\SYSTEM32\USERENV.dll
0x00007ffc77af0000 - 0x00007ffc77afc000 	C:\WINDOWS\SYSTEM32\CRYPTBASE.dll
0x00007ffc6f640000 - 0x00007ffc6f656000 	C:\WINDOWS\SYSTEM32\dhcpcsvc6.DLL
0x00007ffc6f620000 - 0x00007ffc6f63c000 	C:\WINDOWS\SYSTEM32\dhcpcsvc.DLL
0x00007ffc5ac70000 - 0x00007ffc5ac96000 	C:\Program Files\Java\jdk-11.0.7\bin\sunec.dll
0x00007ffc74650000 - 0x00007ffc7465e000 	C:\Program Files\Java\jdk-11.0.7\bin\sunmscapi.dll
0x00007ffc79170000 - 0x00007ffc792b9000 	C:\WINDOWS\System32\CRYPT32.dll
0x00007ffc781c0000 - 0x00007ffc781d2000 	C:\WINDOWS\System32\MSASN1.dll
0x00007ffc77bf0000 - 0x00007ffc77c16000 	C:\WINDOWS\SYSTEM32\ncrypt.dll
0x00007ffc77bb0000 - 0x00007ffc77beb000 	C:\WINDOWS\SYSTEM32\NTASN1.dll

dbghelp: loaded successfully - version: 4.0.5 - missing functions: none
symbol engine: initialized successfully - sym options: 0x614 - pdb path: .;C:\Program Files\Java\jdk-11.0.7\bin;C:\WINDOWS\SYSTEM32;C:\WINDOWS\WinSxS\amd64_microsoft.windows.common-controls_6595b64144ccf1df_6.0.18362.959_none_e6c7bbbf130c62bb;C:\Program Files\Java\jdk-11.0.7\bin\server

VM Arguments:
jvm_args: -Dcom.sun.management.jmxremote -Dcom.sun.management.jmxremote.port=51465 -Dcom.sun.management.jmxremote.authenticate=false -Dcom.sun.management.jmxremote.ssl=false -Djava.rmi.server.hostname=localhost -Dspring.jmx.enabled=true -Dspring.application.admin.enabled=true -Xverify:none -XX:TieredStopAtLevel=1 -Dspring.boot.project.name=cursomc -Dfile.encoding=UTF-8 
java_command: com.felipedclc.cursomc.Cursomc1Application --spring.output.ansi.enabled=always
java_class_path (initial): C:\Users\felip\Desktop\Felipe\ws_spring\curso_spring\cursomc\target\classes;C:\Users\felip\.m2\repository\org\springframework\boot\spring-boot-starter-web\2.3.1.RELEASE\spring-boot-starter-web-2.3.1.RELEASE.jar;C:\Users\felip\.m2\repository\org\springframework\boot\spring-boot-starter\2.3.1.RELEASE\spring-boot-starter-2.3.1.RELEASE.jar;C:\Users\felip\.m2\repository\org\springframework\boot\spring-boot-starter-logging\2.3.1.RELEASE\spring-boot-starter-logging-2.3.1.RELEASE.jar;C:\Users\felip\.m2\repository\ch\qos\logback\logback-classic\1.2.3\logback-classic-1.2.3.jar;C:\Users\felip\.m2\repository\ch\qos\logback\logback-core\1.2.3\logback-core-1.2.3.jar;C:\Users\felip\.m2\repository\org\apache\logging\log4j\log4j-to-slf4j\2.13.3\log4j-to-slf4j-2.13.3.jar;C:\Users\felip\.m2\repository\org\apache\logging\log4j\log4j-api\2.13.3\log4j-api-2.13.3.jar;C:\Users\felip\.m2\repository\org\slf4j\jul-to-slf4j\1.7.30\jul-to-slf4j-1.7.30.jar;C:\Users\felip\.m2\repository\jakarta\annotation\jakarta.annotation-api\1.3.5\jakarta.annotation-api-1.3.5.jar;C:\Users\felip\.m2\repository\org\yaml\snakeyaml\1.26\snakeyaml-1.26.jar;C:\Users\felip\.m2\repository\org\springframework\boot\spring-boot-starter-json\2.3.1.RELEASE\spring-boot-starter-json-2.3.1.RELEASE.jar;C:\Users\felip\.m2\repository\com\fasterxml\jackson\datatype\jackson-datatype-jdk8\2.11.0\jackson-datatype-jdk8-2.11.0.jar;C:\Users\felip\.m2\repository\com\fasterxml\jackson\datatype\jackson-datatype-jsr310\2.11.0\jackson-datatype-jsr310-2.11.0.jar;C:\Users\felip\.m2\repository\com\fasterxml\jackson\module\jackson-module-parameter-names\2.11.0\jackson-module-parameter-names-2.11.0.jar;C:\Users\felip\.m2\repository\org\springframework\boot\spring-boot-starter-tomcat\2.3.1.RELEASE\spring-boot-starter-tomcat-2.3.1.RELEASE.jar;C:\Users\felip\.m2\repository\org\apache\tomcat\embed\tomcat-embed-core\9.0.36\tomcat-embed-core-9.0.36.jar;C:\Users\felip\.m2\repository\org\glassfish\jakarta.el\3.0.3\jakarta.el
Launcher Type: SUN_STANDARD

[Global flags]
     bool BytecodeVerificationLocal                = false                                     {product} {command line}
     bool BytecodeVerificationRemote               = false                                     {product} {command line}
     intx CICompilerCount                          = 3                                         {product} {ergonomic}
     uint ConcGCThreads                            = 1                                         {product} {ergonomic}
     uint G1ConcRefinementThreads                  = 4                                         {product} {ergonomic}
   size_t G1HeapRegionSize                         = 1048576                                   {product} {ergonomic}
    uintx GCDrainStackTargetSize                   = 64                                        {product} {ergonomic}
   size_t InitialHeapSize                          = 134217728                                 {product} {ergonomic}
     bool ManagementServer                         = true                                      {product} {command line}
   size_t MarkStackSize                            = 4194304                                   {product} {ergonomic}
   size_t MaxHeapSize                              = 2122317824                                {product} {ergonomic}
   size_t MaxNewSize                               = 1272971264                                {product} {ergonomic}
   size_t MinHeapDeltaBytes                        = 1048576                                   {product} {ergonomic}
    uintx NonNMethodCodeHeapSize                   = 6973028                                {pd product} {ergonomic}
    uintx NonProfiledCodeHeapSize                  = 244685212                              {pd product} {ergonomic}
    uintx ProfiledCodeHeapSize                     = 0                                      {pd product} {ergonomic}
    uintx ReservedCodeCacheSize                    = 251658240                              {pd product} {ergonomic}
     bool SegmentedCodeCache                       = true                                      {product} {ergonomic}
     intx TieredStopAtLevel                        = 1                                         {product} {command line}
     bool UseCompressedClassPointers               = true                                 {lp64_product} {ergonomic}
     bool UseCompressedOops                        = true                                 {lp64_product} {ergonomic}
     bool UseG1GC                                  = true                                      {product} {ergonomic}
     bool UseLargePagesIndividualAllocation        = false                                  {pd product} {ergonomic}

Logging:
Log output configuration:
 #0: stdout all=warning uptime,level,tags
 #1: stderr all=off uptime,level,tags

Environment Variables:
JAVA_HOME=C:\Program Files\Java\jdk-11.0.7
PATH=C:/Program Files/Java/jdk-11.0.7/bin/server;C:/Program Files/Java/jdk-11.0.7/bin;C:\Program Files (x86)\Intel\iCLS Client\;C:\Program Files\Intel\iCLS Client\;C:\WINDOWS\system32;C:\WINDOWS;C:\WINDOWS\System32\Wbem;C:\WINDOWS\System32\WindowsPowerShell\v1.0\;C:\Program Files (x86)\Intel\Intel(R) Management Engine Components\DAL;C:\Program Files\Intel\Intel(R) Management Engine Components\DAL;C:\Program Files (x86)\Intel\Intel(R) Management Engine Components\IPT;C:\Program Files\Intel\Intel(R) Management Engine Components\IPT;C:\WINDOWS\System32\OpenSSH\;C:\Program Files\dotnet\;C:\Program Files\Microsoft SQL Server\130\Tools\Binn\;C:\Program Files\Microsoft SQL Server\Client SDK\ODBC\170\Tools\Binn\;C:\Program Files\Java\jdk-11.0.7\bin;C:\Program Files\Git\cmd;C:\Program Files\Java\jdk-11.0.7\bin;C:\Program Files\MongoDB\Server\4.2\bin;C:\xampp\mysql\bin;C:\Program Files\MySQL\MySQL Shell 8.0\bin\;C:\Users\felip\AppData\Local\Programs\Python\Python38-32\Scripts\;C:\Users\felip\AppData\Local\Programs\Python\Python38-32\;C:\Users\felip\AppData\Local\Microsoft\WindowsApps;C:\Users\felip\AppData\Local\Programs\Microsoft VS Code\bin;C:\Program Files\Java\jdk-11.0.7bin;C:\Program Files\heroku\bin;C:\Users\felip\Downloads\sts-4.7.0.RELEASE;
USERNAME=felip
OS=Windows_NT
PROCESSOR_IDENTIFIER=Intel64 Family 6 Model 61 Stepping 4, GenuineIntel



---------------  S Y S T E M  ---------------

OS: Windows 10 , 64 bit Build 18362 (10.0.18362.959)

CPU:total 4 (initial active 4) (2 cores per cpu, 2 threads per core) family 6 model 61 stepping 4, cmov, cx8, fxsr, mmx, sse, sse2, sse3, ssse3, sse4.1, sse4.2, popcnt, avx, avx2, aes, clmul, erms, 3dnowpref, lzcnt, ht, tsc, tscinvbit, bmi1, bmi2, adx, fma

Memory: 4k page, system-wide physical 8094M (2234M free)
TotalPageFile size 13000M (AvailPageFile size 4601M)
current process WorkingSet (physical memory assigned to process): 328M, peak: 330M
current process commit charge ("private bytes"): 401M, peak: 401M

vm_info: Java HotSpot(TM) 64-Bit Server VM (11.0.7+8-LTS) for windows-amd64 JRE (11.0.7+8-LTS), built on Mar 12 2020 02:04:32 by "mach5one" with MS VC++ 15.5 (VS2017)

END.
