#
# A fatal error has been detected by the Java Runtime Environment:
#
#  EXCEPTION_ACCESS_VIOLATION (0xc0000005) at pc=0x00007ffc2ac33949, pid=4552, tid=18888
#
# JRE version: Java(TM) SE Runtime Environment 18.9 (11.0.7+8) (build 11.0.7+8-LTS)
# Java VM: Java HotSpot(TM) 64-Bit Server VM 18.9 (11.0.7+8-LTS, mixed mode, tiered, compressed oops, g1 gc, windows-amd64)
# Problematic frame:
# V  [jvm.dll+0x6f3949]
#
# No core dump will be written. Minidumps are not enabled by default on client versions of Windows
#
# If you would like to submit a bug report, please visit:
#   https://bugreport.java.com/bugreport/crash.jsp
#

---------------  S U M M A R Y ------------

Command Line: -Dcom.sun.management.jmxremote -Dcom.sun.management.jmxremote.port=49272 -Dcom.sun.management.jmxremote.authenticate=false -Dcom.sun.management.jmxremote.ssl=false -Djava.rmi.server.hostname=localhost -Dspring.jmx.enabled=true -Dspring.application.admin.enabled=true -Xverify:none -XX:TieredStopAtLevel=1 -Dspring.boot.project.name=cursomc -Dfile.encoding=UTF-8 com.felipedclc.cursomc.Cursomc1Application --spring.output.ansi.enabled=always

Host: Intel(R) Core(TM) i5-5200U CPU @ 2.20GHz, 4 cores, 7G,  Windows 10 , 64 bit Build 18362 (10.0.18362.959)
Time: Fri Jul 31 15:29:48 2020 Hora oficial do Brasil elapsed time: 2 seconds (0d 0h 0m 2s)

---------------  T H R E A D  ---------------

Current thread (0x00000142c510b800):  WatcherThread [stack: 0x0000003f84100000,0x0000003f84200000] [id=18888]

Stack: [0x0000003f84100000,0x0000003f84200000],  sp=0x0000003f841ff4e0,  free space=1021k
Native frames: (J=compiled Java code, j=interpreted, Vv=VM code, C=native code)
V  [jvm.dll+0x6f3949]
V  [jvm.dll+0x73fc7d]
V  [jvm.dll+0x765fe9]
V  [jvm.dll+0x75e875]
V  [jvm.dll+0x660b26]
C  [ucrtbase.dll+0x20e82]
C  [KERNEL32.DLL+0x17bd4]
C  [ntdll.dll+0x6ce51]


siginfo: EXCEPTION_ACCESS_VIOLATION (0xc0000005), reading address 0x0000000c0000000b


Register to memory mapping:

RIP=0x00007ffc2ac33949 jvm.dll
RAX=0x00000142c50ffde0 points into unknown readable memory: 0b 00 00 00 0c 00 00 00
RBX=0x0 is NULL
RCX=0x0000000c0000000b is an unknown value
RDX=0x0000000000000032 is an unknown value
RSP=0x0000003f841ff4e0 points into unknown readable memory: 00 b8 10 c5 42 01 00 00
RBP=0x0000000000000002 is an unknown value
RSI=0x00000142c50ffea0 points into unknown readable memory: 00 a1 10 c5 42 01 00 00
RDI=0x0 is NULL
R8 =0x0 is NULL
R9 =0x00000142acf00b80 is at begin+0 in a stub
StubRoutines::atomic_cmpxchg_long [0x00000142acf00b80, 0x00000142acf00b89[ (9 bytes)
R10=0x00000000546c6148 is an unknown value
R11=0x0000039f154c16b1 is an unknown value
R12=0x0 is NULL
R13=0x00000142c510b800 points into unknown readable memory: 18 92 e4 2a fc 7f 00 00
R14=0x0000000000000032 is an unknown value
R15=0x00000142c4f8ad50 points into unknown readable memory: 00 00 00 00 00 00 00 00


Registers:
RAX=0x00000142c50ffde0, RBX=0x0000000000000000, RCX=0x0000000c0000000b, RDX=0x0000000000000032
RSP=0x0000003f841ff4e0, RBP=0x0000000000000002, RSI=0x00000142c50ffea0, RDI=0x0000000000000000
R8 =0x0000000000000000, R9 =0x00000142acf00b80, R10=0x00000000546c6148, R11=0x0000039f154c16b1
R12=0x0000000000000000, R13=0x00000142c510b800, R14=0x0000000000000032, R15=0x00000142c4f8ad50
RIP=0x00007ffc2ac33949, EFLAGS=0x0000000000010202

Top of Stack: (sp=0x0000003f841ff4e0)
0x0000003f841ff4e0:   00000142c510b800 00000142c510b800
0x0000003f841ff4f0:   0002ad75b77401f8 00007ffc2ab742d9
0x0000003f841ff500:   00007ffc2afeabc8 00007ffc2ac7fc7d
0x0000003f841ff510:   0000000000000001 00000142a333e4b0
0x0000003f841ff520:   00000142a333e4b0 431bde82d7b634db
0x0000003f841ff530:   00000142c4f8ad50 0002ad75b77401f8
0x0000003f841ff540:   00000142a333e4b0 00007ffc2aca5fe9
0x0000003f841ff550:   0000000000000001 0000000000000032
0x0000003f841ff560:   0000000000000032 0000000000000002
0x0000003f841ff570:   0000000000000000 0000000000000000
0x0000003f841ff580:   0000000000000000 0000000000000000
0x0000003f841ff590:   0000000000000000 0000000000000000
0x0000003f841ff5a0:   0000000000000000 0000000000000000
0x0000003f841ff5b0:   00000142c510b800 0000000000000000
0x0000003f841ff5c0:   0000000000100000 0000003f841ff810
0x0000003f841ff5d0:   0000003f84100000 00007ffc2ac9e875 

Instructions: (pc=0x00007ffc2ac33949)
0x00007ffc2ac33929:   20 48 8b 35 67 23 3b 00 33 db 48 8b 06 39 18 7e
0x00007ffc2ac33939:   27 48 89 7c 24 30 8b fb 48 8b 40 18 48 8b 0c 07
0x00007ffc2ac33949:   48 8b 01 ff 50 08 48 8b 06 48 8d 7f 08 ff c3 3b
0x00007ffc2ac33959:   18 7c e5 48 8b 7c 24 30 48 8b 5c 24 38 48 83 c4 


Stack slot to memory mapping:
stack at sp + 0 slots: 0x00000142c510b800 points into unknown readable memory: 18 92 e4 2a fc 7f 00 00
stack at sp + 1 slots: 0x00000142c510b800 points into unknown readable memory: 18 92 e4 2a fc 7f 00 00
stack at sp + 2 slots: 0x0002ad75b77401f8 is an unknown value
stack at sp + 3 slots: 0x00007ffc2ab742d9 jvm.dll
stack at sp + 4 slots: 0x00007ffc2afeabc8 jvm.dll
stack at sp + 5 slots: 0x00007ffc2ac7fc7d jvm.dll
stack at sp + 6 slots: 0x0000000000000001 is an unknown value
stack at sp + 7 slots: 0x00000142a333e4b0 points into unknown readable memory: 01 00 00 00 00 00 00 00


---------------  P R O C E S S  ---------------

Threads class SMR info:
_java_thread_list=0x00000142c510aca0, length=12, elements={
0x00000142a333f000, 0x00000142c36d8000, 0x00000142c36e3800, 0x00000142c4062800,
0x00000142c4066000, 0x00000142c4068000, 0x00000142c406f800, 0x00000142c366a000,
0x00000142c4285800, 0x00000142c50f5800, 0x00000142c511a800, 0x00000142c515a800
}

Java Threads: ( => current thread )
  0x00000142a333f000 JavaThread "main" [_thread_in_Java, id=19016, stack(0x0000003f82d00000,0x0000003f82e00000)]
  0x00000142c36d8000 JavaThread "Reference Handler" daemon [_thread_blocked, id=16464, stack(0x0000003f83400000,0x0000003f83500000)]
  0x00000142c36e3800 JavaThread "Finalizer" daemon [_thread_blocked, id=18652, stack(0x0000003f83500000,0x0000003f83600000)]
  0x00000142c4062800 JavaThread "Signal Dispatcher" daemon [_thread_blocked, id=7460, stack(0x0000003f83600000,0x0000003f83700000)]
  0x00000142c4066000 JavaThread "Attach Listener" daemon [_thread_blocked, id=18524, stack(0x0000003f83700000,0x0000003f83800000)]
  0x00000142c4068000 JavaThread "C1 CompilerThread0" daemon [_thread_in_vm, id=13164, stack(0x0000003f83800000,0x0000003f83900000)]
  0x00000142c406f800 JavaThread "Sweeper thread" daemon [_thread_blocked, id=8128, stack(0x0000003f83900000,0x0000003f83a00000)]
  0x00000142c366a000 JavaThread "Common-Cleaner" daemon [_thread_blocked, id=10716, stack(0x0000003f83a00000,0x0000003f83b00000)]
  0x00000142c4285800 JavaThread "Service Thread" daemon [_thread_blocked, id=18952, stack(0x0000003f83b00000,0x0000003f83c00000)]
  0x00000142c50f5800 JavaThread "RMI TCP Accept-0" daemon [_thread_in_native, id=12444, stack(0x0000003f83e00000,0x0000003f83f00000)]
  0x00000142c511a800 JavaThread "RMI TCP Accept-49272" daemon [_thread_in_native, id=18456, stack(0x0000003f83f00000,0x0000003f84000000)]
  0x00000142c515a800 JavaThread "RMI TCP Accept-0" daemon [_thread_in_native, id=11072, stack(0x0000003f84000000,0x0000003f84100000)]

Other Threads:
  0x00000142c36af800 VMThread "VM Thread" [stack: 0x0000003f83300000,0x0000003f83400000] [id=15544]
=>0x00000142c510b800 WatcherThread [stack: 0x0000003f84100000,0x0000003f84200000] [id=18888]
  0x00000142a3355800 GCTaskThread "GC Thread#0" [stack: 0x0000003f82e00000,0x0000003f82f00000] [id=20944]
  0x00000142c4139000 GCTaskThread "GC Thread#1" [stack: 0x0000003f83c00000,0x0000003f83d00000] [id=5520]
  0x00000142c4139800 GCTaskThread "GC Thread#2" [stack: 0x0000003f83d00000,0x0000003f83e00000] [id=12304]
  0x00000142a3386800 ConcurrentGCThread "G1 Main Marker" [stack: 0x0000003f82f00000,0x0000003f83000000] [id=21356]
  0x00000142a3388000 ConcurrentGCThread "G1 Conc#0" [stack: 0x0000003f83000000,0x0000003f83100000] [id=19256]
  0x00000142a33fe800 ConcurrentGCThread "G1 Refine#0" [stack: 0x0000003f83100000,0x0000003f83200000] [id=2792]
  0x00000142c351d800 ConcurrentGCThread "G1 Young RemSet Sampling" [stack: 0x0000003f83200000,0x0000003f83300000] [id=11044]

Threads with active compile tasks:
C1 CompilerThread01079       1       java.lang.StringCoding$Result::with (12 bytes)

VM state:not at safepoint (normal execution)

VM Mutex/Monitor currently owned by a thread:  ([mutex/lock_event])
[0x00000142a333e4b0] PeriodicTask_lock - owner thread: 0x00000142c510b800

Heap address: 0x0000000081800000, size: 2024 MB, Compressed Oops mode: 32-bit
Narrow klass base: 0x0000000000000000, Narrow klass shift: 3
Compressed class space size: 1073741824 Address: 0x0000000100000000

Heap:
 garbage-first heap   total 131072K, used 26461K [0x0000000081800000, 0x0000000100000000)
  region size 1024K, 11 young (11264K), 2 survivors (2048K)
 Metaspace       used 13046K, capacity 13429K, committed 13568K, reserved 1060864K
  class space    used 1359K, capacity 1502K, committed 1536K, reserved 1048576K
Heap Regions: E=young(eden), S=young(survivor), O=old, HS=humongous(starts), HC=humongous(continues), CS=collection set, F=free, A=archive, TAMS=top-at-mark-start (previous, next)
|   0|0x0000000081800000, 0x0000000081900000, 0x0000000081900000|100%|HS|  |TAMS 0x0000000081800000, 0x0000000081800000| Complete 
|   1|0x0000000081900000, 0x0000000081a00000, 0x0000000081a00000|100%| O|  |TAMS 0x0000000081900000, 0x0000000081900000| Untracked 
|   2|0x0000000081a00000, 0x0000000081b00000, 0x0000000081b00000|100%| O|  |TAMS 0x0000000081a00000, 0x0000000081a00000| Untracked 
|   3|0x0000000081b00000, 0x0000000081c00000, 0x0000000081c00000|100%| O|  |TAMS 0x0000000081b00000, 0x0000000081b00000| Untracked 
|   4|0x0000000081c00000, 0x0000000081d00000, 0x0000000081d00000|100%| O|  |TAMS 0x0000000081c00000, 0x0000000081c00000| Untracked 
|   5|0x0000000081d00000, 0x0000000081e00000, 0x0000000081e00000|100%| O|  |TAMS 0x0000000081d00000, 0x0000000081d00000| Untracked 
|   6|0x0000000081e00000, 0x0000000081f00000, 0x0000000081f00000|100%| O|  |TAMS 0x0000000081e00000, 0x0000000081e00000| Untracked 
|   7|0x0000000081f00000, 0x0000000082000000, 0x0000000082000000|100%| O|  |TAMS 0x0000000081f00000, 0x0000000081f00000| Untracked 
|   8|0x0000000082000000, 0x0000000082100000, 0x0000000082100000|100%| O|  |TAMS 0x0000000082000000, 0x0000000082000000| Untracked 
|   9|0x0000000082100000, 0x0000000082200000, 0x0000000082200000|100%| O|  |TAMS 0x0000000082100000, 0x0000000082100000| Untracked 
|  10|0x0000000082200000, 0x0000000082300000, 0x0000000082300000|100%| O|  |TAMS 0x0000000082200000, 0x0000000082200000| Untracked 
|  11|0x0000000082300000, 0x0000000082400000, 0x0000000082400000|100%| O|  |TAMS 0x0000000082300000, 0x0000000082300000| Untracked 
|  12|0x0000000082400000, 0x0000000082500000, 0x0000000082500000|100%| O|  |TAMS 0x0000000082400000, 0x0000000082400000| Untracked 
|  13|0x0000000082500000, 0x0000000082600000, 0x0000000082600000|100%| O|  |TAMS 0x0000000082500000, 0x0000000082500000| Untracked 
|  14|0x0000000082600000, 0x0000000082700000, 0x0000000082700000|100%| O|  |TAMS 0x0000000082600000, 0x0000000082600000| Untracked 
|  15|0x0000000082700000, 0x00000000827d7400, 0x0000000082800000| 84%| O|  |TAMS 0x0000000082700000, 0x0000000082700000| Untracked 
|  16|0x0000000082800000, 0x0000000082800000, 0x0000000082900000|  0%| F|  |TAMS 0x0000000082800000, 0x0000000082800000| Untracked 
|  17|0x0000000082900000, 0x0000000082900000, 0x0000000082a00000|  0%| F|  |TAMS 0x0000000082900000, 0x0000000082900000| Untracked 
|  18|0x0000000082a00000, 0x0000000082a00000, 0x0000000082b00000|  0%| F|  |TAMS 0x0000000082a00000, 0x0000000082a00000| Untracked 
|  19|0x0000000082b00000, 0x0000000082b00000, 0x0000000082c00000|  0%| F|  |TAMS 0x0000000082b00000, 0x0000000082b00000| Untracked 
|  20|0x0000000082c00000, 0x0000000082c00000, 0x0000000082d00000|  0%| F|  |TAMS 0x0000000082c00000, 0x0000000082c00000| Untracked 
|  21|0x0000000082d00000, 0x0000000082d00000, 0x0000000082e00000|  0%| F|  |TAMS 0x0000000082d00000, 0x0000000082d00000| Untracked 
|  22|0x0000000082e00000, 0x0000000082e00000, 0x0000000082f00000|  0%| F|  |TAMS 0x0000000082e00000, 0x0000000082e00000| Untracked 
|  23|0x0000000082f00000, 0x0000000082f00000, 0x0000000083000000|  0%| F|  |TAMS 0x0000000082f00000, 0x0000000082f00000| Untracked 
|  24|0x0000000083000000, 0x0000000083000000, 0x0000000083100000|  0%| F|  |TAMS 0x0000000083000000, 0x0000000083000000| Untracked 
|  25|0x0000000083100000, 0x0000000083100000, 0x0000000083200000|  0%| F|  |TAMS 0x0000000083100000, 0x0000000083100000| Untracked 
|  26|0x0000000083200000, 0x0000000083200000, 0x0000000083300000|  0%| F|  |TAMS 0x0000000083200000, 0x0000000083200000| Untracked 
|  27|0x0000000083300000, 0x0000000083300000, 0x0000000083400000|  0%| F|  |TAMS 0x0000000083300000, 0x0000000083300000| Untracked 
|  28|0x0000000083400000, 0x0000000083400000, 0x0000000083500000|  0%| F|  |TAMS 0x0000000083400000, 0x0000000083400000| Untracked 
|  29|0x0000000083500000, 0x0000000083500000, 0x0000000083600000|  0%| F|  |TAMS 0x0000000083500000, 0x0000000083500000| Untracked 
|  30|0x0000000083600000, 0x0000000083600000, 0x0000000083700000|  0%| F|  |TAMS 0x0000000083600000, 0x0000000083600000| Untracked 
|  31|0x0000000083700000, 0x0000000083700000, 0x0000000083800000|  0%| F|  |TAMS 0x0000000083700000, 0x0000000083700000| Untracked 
|  32|0x0000000083800000, 0x0000000083800000, 0x0000000083900000|  0%| F|  |TAMS 0x0000000083800000, 0x0000000083800000| Untracked 
|  33|0x0000000083900000, 0x0000000083900000, 0x0000000083a00000|  0%| F|  |TAMS 0x0000000083900000, 0x0000000083900000| Untracked 
|  34|0x0000000083a00000, 0x0000000083a00000, 0x0000000083b00000|  0%| F|  |TAMS 0x0000000083a00000, 0x0000000083a00000| Untracked 
|  35|0x0000000083b00000, 0x0000000083b00000, 0x0000000083c00000|  0%| F|  |TAMS 0x0000000083b00000, 0x0000000083b00000| Untracked 
|  36|0x0000000083c00000, 0x0000000083c00000, 0x0000000083d00000|  0%| F|  |TAMS 0x0000000083c00000, 0x0000000083c00000| Untracked 
|  37|0x0000000083d00000, 0x0000000083d00000, 0x0000000083e00000|  0%| F|  |TAMS 0x0000000083d00000, 0x0000000083d00000| Untracked 
|  38|0x0000000083e00000, 0x0000000083e00000, 0x0000000083f00000|  0%| F|  |TAMS 0x0000000083e00000, 0x0000000083e00000| Untracked 
|  39|0x0000000083f00000, 0x0000000083f00000, 0x0000000084000000|  0%| F|  |TAMS 0x0000000083f00000, 0x0000000083f00000| Untracked 
|  40|0x0000000084000000, 0x0000000084000000, 0x0000000084100000|  0%| F|  |TAMS 0x0000000084000000, 0x0000000084000000| Untracked 
|  41|0x0000000084100000, 0x0000000084100000, 0x0000000084200000|  0%| F|  |TAMS 0x0000000084100000, 0x0000000084100000| Untracked 
|  42|0x0000000084200000, 0x0000000084200000, 0x0000000084300000|  0%| F|  |TAMS 0x0000000084200000, 0x0000000084200000| Untracked 
|  43|0x0000000084300000, 0x0000000084300000, 0x0000000084400000|  0%| F|  |TAMS 0x0000000084300000, 0x0000000084300000| Untracked 
|  44|0x0000000084400000, 0x0000000084400000, 0x0000000084500000|  0%| F|  |TAMS 0x0000000084400000, 0x0000000084400000| Untracked 
|  45|0x0000000084500000, 0x0000000084500000, 0x0000000084600000|  0%| F|  |TAMS 0x0000000084500000, 0x0000000084500000| Untracked 
|  46|0x0000000084600000, 0x0000000084600000, 0x0000000084700000|  0%| F|  |TAMS 0x0000000084600000, 0x0000000084600000| Untracked 
|  47|0x0000000084700000, 0x0000000084700000, 0x0000000084800000|  0%| F|  |TAMS 0x0000000084700000, 0x0000000084700000| Untracked 
|  48|0x0000000084800000, 0x0000000084800000, 0x0000000084900000|  0%| F|  |TAMS 0x0000000084800000, 0x0000000084800000| Untracked 
|  49|0x0000000084900000, 0x0000000084900000, 0x0000000084a00000|  0%| F|  |TAMS 0x0000000084900000, 0x0000000084900000| Untracked 
|  50|0x0000000084a00000, 0x0000000084a00000, 0x0000000084b00000|  0%| F|  |TAMS 0x0000000084a00000, 0x0000000084a00000| Untracked 
|  51|0x0000000084b00000, 0x0000000084b00000, 0x0000000084c00000|  0%| F|  |TAMS 0x0000000084b00000, 0x0000000084b00000| Untracked 
|  52|0x0000000084c00000, 0x0000000084c00000, 0x0000000084d00000|  0%| F|  |TAMS 0x0000000084c00000, 0x0000000084c00000| Untracked 
|  53|0x0000000084d00000, 0x0000000084d00000, 0x0000000084e00000|  0%| F|  |TAMS 0x0000000084d00000, 0x0000000084d00000| Untracked 
|  54|0x0000000084e00000, 0x0000000084e00000, 0x0000000084f00000|  0%| F|  |TAMS 0x0000000084e00000, 0x0000000084e00000| Untracked 
|  55|0x0000000084f00000, 0x0000000084f00000, 0x0000000085000000|  0%| F|  |TAMS 0x0000000084f00000, 0x0000000084f00000| Untracked 
|  56|0x0000000085000000, 0x0000000085000000, 0x0000000085100000|  0%| F|  |TAMS 0x0000000085000000, 0x0000000085000000| Untracked 
|  57|0x0000000085100000, 0x0000000085100000, 0x0000000085200000|  0%| F|  |TAMS 0x0000000085100000, 0x0000000085100000| Untracked 
|  58|0x0000000085200000, 0x0000000085200000, 0x0000000085300000|  0%| F|  |TAMS 0x0000000085200000, 0x0000000085200000| Untracked 
|  59|0x0000000085300000, 0x0000000085300000, 0x0000000085400000|  0%| F|  |TAMS 0x0000000085300000, 0x0000000085300000| Untracked 
|  60|0x0000000085400000, 0x0000000085400000, 0x0000000085500000|  0%| F|  |TAMS 0x0000000085400000, 0x0000000085400000| Untracked 
|  61|0x0000000085500000, 0x0000000085500000, 0x0000000085600000|  0%| F|  |TAMS 0x0000000085500000, 0x0000000085500000| Untracked 
|  62|0x0000000085600000, 0x0000000085600000, 0x0000000085700000|  0%| F|  |TAMS 0x0000000085600000, 0x0000000085600000| Untracked 
|  63|0x0000000085700000, 0x0000000085700000, 0x0000000085800000|  0%| F|  |TAMS 0x0000000085700000, 0x0000000085700000| Untracked 
|  64|0x0000000085800000, 0x0000000085800000, 0x0000000085900000|  0%| F|  |TAMS 0x0000000085800000, 0x0000000085800000| Untracked 
|  65|0x0000000085900000, 0x0000000085900000, 0x0000000085a00000|  0%| F|  |TAMS 0x0000000085900000, 0x0000000085900000| Untracked 
|  66|0x0000000085a00000, 0x0000000085a00000, 0x0000000085b00000|  0%| F|  |TAMS 0x0000000085a00000, 0x0000000085a00000| Untracked 
|  67|0x0000000085b00000, 0x0000000085b00000, 0x0000000085c00000|  0%| F|  |TAMS 0x0000000085b00000, 0x0000000085b00000| Untracked 
|  68|0x0000000085c00000, 0x0000000085c00000, 0x0000000085d00000|  0%| F|  |TAMS 0x0000000085c00000, 0x0000000085c00000| Untracked 
|  69|0x0000000085d00000, 0x0000000085d00000, 0x0000000085e00000|  0%| F|  |TAMS 0x0000000085d00000, 0x0000000085d00000| Untracked 
|  70|0x0000000085e00000, 0x0000000085e00000, 0x0000000085f00000|  0%| F|  |TAMS 0x0000000085e00000, 0x0000000085e00000| Untracked 
|  71|0x0000000085f00000, 0x0000000085f00000, 0x0000000086000000|  0%| F|  |TAMS 0x0000000085f00000, 0x0000000085f00000| Untracked 
|  72|0x0000000086000000, 0x0000000086000000, 0x0000000086100000|  0%| F|  |TAMS 0x0000000086000000, 0x0000000086000000| Untracked 
|  73|0x0000000086100000, 0x0000000086100000, 0x0000000086200000|  0%| F|  |TAMS 0x0000000086100000, 0x0000000086100000| Untracked 
|  74|0x0000000086200000, 0x0000000086200000, 0x0000000086300000|  0%| F|  |TAMS 0x0000000086200000, 0x0000000086200000| Untracked 
|  75|0x0000000086300000, 0x0000000086300000, 0x0000000086400000|  0%| F|  |TAMS 0x0000000086300000, 0x0000000086300000| Untracked 
|  76|0x0000000086400000, 0x0000000086400000, 0x0000000086500000|  0%| F|  |TAMS 0x0000000086400000, 0x0000000086400000| Untracked 
|  77|0x0000000086500000, 0x0000000086500000, 0x0000000086600000|  0%| F|  |TAMS 0x0000000086500000, 0x0000000086500000| Untracked 
|  78|0x0000000086600000, 0x0000000086600000, 0x0000000086700000|  0%| F|  |TAMS 0x0000000086600000, 0x0000000086600000| Untracked 
|  79|0x0000000086700000, 0x0000000086700000, 0x0000000086800000|  0%| F|  |TAMS 0x0000000086700000, 0x0000000086700000| Untracked 
|  80|0x0000000086800000, 0x0000000086800000, 0x0000000086900000|  0%| F|  |TAMS 0x0000000086800000, 0x0000000086800000| Untracked 
|  81|0x0000000086900000, 0x0000000086900000, 0x0000000086a00000|  0%| F|  |TAMS 0x0000000086900000, 0x0000000086900000| Untracked 
|  82|0x0000000086a00000, 0x0000000086a00000, 0x0000000086b00000|  0%| F|  |TAMS 0x0000000086a00000, 0x0000000086a00000| Untracked 
|  83|0x0000000086b00000, 0x0000000086b00000, 0x0000000086c00000|  0%| F|  |TAMS 0x0000000086b00000, 0x0000000086b00000| Untracked 
|  84|0x0000000086c00000, 0x0000000086c00000, 0x0000000086d00000|  0%| F|  |TAMS 0x0000000086c00000, 0x0000000086c00000| Untracked 
|  85|0x0000000086d00000, 0x0000000086d00000, 0x0000000086e00000|  0%| F|  |TAMS 0x0000000086d00000, 0x0000000086d00000| Untracked 
|  86|0x0000000086e00000, 0x0000000086e00000, 0x0000000086f00000|  0%| F|  |TAMS 0x0000000086e00000, 0x0000000086e00000| Untracked 
|  87|0x0000000086f00000, 0x0000000086f00000, 0x0000000087000000|  0%| F|  |TAMS 0x0000000086f00000, 0x0000000086f00000| Untracked 
|  88|0x0000000087000000, 0x0000000087000000, 0x0000000087100000|  0%| F|  |TAMS 0x0000000087000000, 0x0000000087000000| Untracked 
|  89|0x0000000087100000, 0x0000000087100000, 0x0000000087200000|  0%| F|  |TAMS 0x0000000087100000, 0x0000000087100000| Untracked 
|  90|0x0000000087200000, 0x0000000087200000, 0x0000000087300000|  0%| F|  |TAMS 0x0000000087200000, 0x0000000087200000| Untracked 
|  91|0x0000000087300000, 0x0000000087300000, 0x0000000087400000|  0%| F|  |TAMS 0x0000000087300000, 0x0000000087300000| Untracked 
|  92|0x0000000087400000, 0x0000000087400000, 0x0000000087500000|  0%| F|  |TAMS 0x0000000087400000, 0x0000000087400000| Untracked 
|  93|0x0000000087500000, 0x0000000087500000, 0x0000000087600000|  0%| F|  |TAMS 0x0000000087500000, 0x0000000087500000| Untracked 
|  94|0x0000000087600000, 0x0000000087600000, 0x0000000087700000|  0%| F|  |TAMS 0x0000000087600000, 0x0000000087600000| Untracked 
|  95|0x0000000087700000, 0x0000000087700000, 0x0000000087800000|  0%| F|  |TAMS 0x0000000087700000, 0x0000000087700000| Untracked 
|  96|0x0000000087800000, 0x0000000087800000, 0x0000000087900000|  0%| F|  |TAMS 0x0000000087800000, 0x0000000087800000| Untracked 
|  97|0x0000000087900000, 0x0000000087900000, 0x0000000087a00000|  0%| F|  |TAMS 0x0000000087900000, 0x0000000087900000| Untracked 
|  98|0x0000000087a00000, 0x0000000087a00000, 0x0000000087b00000|  0%| F|  |TAMS 0x0000000087a00000, 0x0000000087a00000| Untracked 
|  99|0x0000000087b00000, 0x0000000087b00000, 0x0000000087c00000|  0%| F|  |TAMS 0x0000000087b00000, 0x0000000087b00000| Untracked 
| 100|0x0000000087c00000, 0x0000000087c00000, 0x0000000087d00000|  0%| F|  |TAMS 0x0000000087c00000, 0x0000000087c00000| Untracked 
| 101|0x0000000087d00000, 0x0000000087d00000, 0x0000000087e00000|  0%| F|  |TAMS 0x0000000087d00000, 0x0000000087d00000| Untracked 
| 102|0x0000000087e00000, 0x0000000087e00000, 0x0000000087f00000|  0%| F|  |TAMS 0x0000000087e00000, 0x0000000087e00000| Untracked 
| 103|0x0000000087f00000, 0x0000000087f00000, 0x0000000088000000|  0%| F|  |TAMS 0x0000000087f00000, 0x0000000087f00000| Untracked 
| 104|0x0000000088000000, 0x0000000088000000, 0x0000000088100000|  0%| F|  |TAMS 0x0000000088000000, 0x0000000088000000| Untracked 
| 105|0x0000000088100000, 0x0000000088100000, 0x0000000088200000|  0%| F|  |TAMS 0x0000000088100000, 0x0000000088100000| Untracked 
| 106|0x0000000088200000, 0x0000000088200000, 0x0000000088300000|  0%| F|  |TAMS 0x0000000088200000, 0x0000000088200000| Untracked 
| 107|0x0000000088300000, 0x0000000088300000, 0x0000000088400000|  0%| F|  |TAMS 0x0000000088300000, 0x0000000088300000| Untracked 
| 108|0x0000000088400000, 0x0000000088400000, 0x0000000088500000|  0%| F|  |TAMS 0x0000000088400000, 0x0000000088400000| Untracked 
| 109|0x0000000088500000, 0x0000000088500000, 0x0000000088600000|  0%| F|  |TAMS 0x0000000088500000, 0x0000000088500000| Untracked 
| 110|0x0000000088600000, 0x0000000088600000, 0x0000000088700000|  0%| F|  |TAMS 0x0000000088600000, 0x0000000088600000| Untracked 
| 111|0x0000000088700000, 0x0000000088700000, 0x0000000088800000|  0%| F|  |TAMS 0x0000000088700000, 0x0000000088700000| Untracked 
| 112|0x0000000088800000, 0x0000000088800000, 0x0000000088900000|  0%| F|  |TAMS 0x0000000088800000, 0x0000000088800000| Untracked 
| 113|0x0000000088900000, 0x0000000088900000, 0x0000000088a00000|  0%| F|  |TAMS 0x0000000088900000, 0x0000000088900000| Untracked 
| 114|0x0000000088a00000, 0x0000000088a00000, 0x0000000088b00000|  0%| F|  |TAMS 0x0000000088a00000, 0x0000000088a00000| Untracked 
| 115|0x0000000088b00000, 0x0000000088b00000, 0x0000000088c00000|  0%| F|  |TAMS 0x0000000088b00000, 0x0000000088b00000| Untracked 
| 116|0x0000000088c00000, 0x0000000088c00000, 0x0000000088d00000|  0%| F|  |TAMS 0x0000000088c00000, 0x0000000088c00000| Untracked 
| 117|0x0000000088d00000, 0x0000000088de5918, 0x0000000088e00000| 89%| E|  |TAMS 0x0000000088d00000, 0x0000000088d00000| Complete 
| 118|0x0000000088e00000, 0x0000000088f00000, 0x0000000088f00000|100%| E|CS|TAMS 0x0000000088e00000, 0x0000000088e00000| Complete 
| 119|0x0000000088f00000, 0x0000000089000000, 0x0000000089000000|100%| S|CS|TAMS 0x0000000088f00000, 0x0000000088f00000| Complete 
| 120|0x0000000089000000, 0x0000000089100000, 0x0000000089100000|100%| S|CS|TAMS 0x0000000089000000, 0x0000000089000000| Complete 
| 121|0x0000000089100000, 0x0000000089200000, 0x0000000089200000|100%| E|CS|TAMS 0x0000000089100000, 0x0000000089100000| Complete 
| 122|0x0000000089200000, 0x0000000089300000, 0x0000000089300000|100%| E|CS|TAMS 0x0000000089200000, 0x0000000089200000| Complete 
| 123|0x0000000089300000, 0x0000000089400000, 0x0000000089400000|100%| E|CS|TAMS 0x0000000089300000, 0x0000000089300000| Complete 
| 124|0x0000000089400000, 0x0000000089500000, 0x0000000089500000|100%| E|CS|TAMS 0x0000000089400000, 0x0000000089400000| Complete 
| 125|0x0000000089500000, 0x0000000089600000, 0x0000000089600000|100%| E|CS|TAMS 0x0000000089500000, 0x0000000089500000| Complete 
| 126|0x0000000089600000, 0x0000000089700000, 0x0000000089700000|100%| E|CS|TAMS 0x0000000089600000, 0x0000000089600000| Complete 
| 127|0x0000000089700000, 0x0000000089800000, 0x0000000089800000|100%| E|CS|TAMS 0x0000000089700000, 0x0000000089700000| Complete 

Card table byte_map: [0x00000142bc930000,0x00000142bcd30000] _byte_map_base: 0x00000142bc524000

Marking Bits (Prev, Next): (CMBitMap*) 0x00000142a337df18, (CMBitMap*) 0x00000142a337df50
 Prev Bits: [0x00000142bd130000, 0x00000142bf0d0000)
 Next Bits: [0x00000142bf0d0000, 0x00000142c1070000)

Polling page: 0x00000142a3400000

Metaspace:

Usage:
  Non-class:     11.71 MB capacity,    11.49 MB ( 98%) used,   202.12 KB (  2%) free+waste,    31.00 KB ( <1%) overhead. 
      Class:      1.47 MB capacity,     1.33 MB ( 91%) used,   122.03 KB (  8%) free+waste,    15.25 KB (  1%) overhead. 
       Both:     13.18 MB capacity,    12.82 MB ( 97%) used,   324.15 KB (  2%) free+waste,    46.25 KB ( <1%) overhead. 

Virtual space:
  Non-class space:       12.00 MB reserved,      11.75 MB ( 98%) committed 
      Class space:        1.00 GB reserved,       1.50 MB ( <1%) committed 
             Both:        1.01 GB reserved,      13.25 MB (  1%) committed 

Chunk freelists:
   Non-Class:  4.63 KB
       Class:  0 bytes
        Both:  4.63 KB

CodeHeap 'non-profiled nmethods': size=238912Kb used=1464Kb max_used=1464Kb free=237447Kb
 bounds [0x00000142ad5b0000, 0x00000142ad820000, 0x00000142bbf00000]
CodeHeap 'non-nmethods': size=6848Kb used=1106Kb max_used=1106Kb free=5741Kb
 bounds [0x00000142acf00000, 0x00000142ad170000, 0x00000142ad5b0000]
 total_blobs=1500 nmethods=1078 adapters=332
 compilation: enabled
              stopped_count=0, restarted_count=0
 full_count=0

Compilation events (10 events):
Event: 2.739 Thread 0x00000142c4068000 1064       1       java.lang.invoke.ClassSpecializer$SpeciesData::getterFunctions (5 bytes)
Event: 2.739 Thread 0x00000142c4068000 nmethod 1064 0x00000142ad719410 code [0x00000142ad7195a0, 0x00000142ad7196b8]
Event: 2.739 Thread 0x00000142c4068000 1072       1       sun.invoke.util.VerifyType::isNullType (18 bytes)
Event: 2.739 Thread 0x00000142c4068000 nmethod 1072 0x00000142ad719710 code [0x00000142ad7198a0, 0x00000142ad7199f8]
Event: 2.739 Thread 0x00000142c4068000 1073       1       java.lang.invoke.MethodHandles$Lookup::checkField (56 bytes)
Event: 2.739 Thread 0x00000142c4068000 nmethod 1073 0x00000142ad719c90 code [0x00000142ad719e40, 0x00000142ad71a020]
Event: 2.740 Thread 0x00000142c4068000 1077   !   1       java.util.concurrent.ConcurrentHashMap::computeIfAbsent (576 bytes)
Event: 2.742 Thread 0x00000142c4068000 nmethod 1077 0x00000142ad71a510 code [0x00000142ad71a820, 0x00000142ad71bdf0]
Event: 2.743 Thread 0x00000142c4068000 1078  s!   1       jdk.internal.loader.URLClassPath::getLoader (194 bytes)
Event: 2.744 Thread 0x00000142c4068000 nmethod 1078 0x00000142ad71ca90 code [0x00000142ad71cd40, 0x00000142ad71dad0]

GC Heap History (4 events):
Event: 0.961 GC heap before
{Heap before GC invocations=0 (full 0):
 garbage-first heap   total 131072K, used 14336K [0x0000000081800000, 0x0000000100000000)
  region size 1024K, 14 young (14336K), 0 survivors (0K)
 Metaspace       used 6089K, capacity 6174K, committed 6272K, reserved 1056768K
  class space    used 538K, capacity 567K, committed 640K, reserved 1048576K
}
Event: 0.969 GC heap after
{Heap after GC invocations=1 (full 0):
 garbage-first heap   total 131072K, used 11804K [0x0000000081800000, 0x0000000100000000)
  region size 1024K, 2 young (2048K), 2 survivors (2048K)
 Metaspace       used 6089K, capacity 6174K, committed 6272K, reserved 1056768K
  class space    used 538K, capacity 567K, committed 640K, reserved 1048576K
}
Event: 1.081 GC heap before
{Heap before GC invocations=1 (full 0):
 garbage-first heap   total 131072K, used 17948K [0x0000000081800000, 0x0000000100000000)
  region size 1024K, 9 young (9216K), 2 survivors (2048K)
 Metaspace       used 7879K, capacity 7977K, committed 8320K, reserved 1056768K
  class space    used 744K, capacity 787K, committed 896K, reserved 1048576K
}
Event: 1.086 GC heap after
{Heap after GC invocations=2 (full 0):
 garbage-first heap   total 131072K, used 18269K [0x0000000081800000, 0x0000000100000000)
  region size 1024K, 2 young (2048K), 2 survivors (2048K)
 Metaspace       used 7879K, capacity 7977K, committed 8320K, reserved 1056768K
  class space    used 744K, capacity 787K, committed 896K, reserved 1048576K
}

Deoptimization events (0 events):
No events

Classes redefined (0 events):
No events

Internal exceptions (10 events):
Event: 1.238 Thread 0x00000142a333f000 Exception <a 'java/lang/NoSuchMethodError'{0x000000008946dd80}: java.lang.invoke.DirectMethodHandle$Holder.invokeStaticInit(Ljava/lang/Object;IIII)Ljava/lang/Object;> (0x000000008946dd80) thrown at [./open/src/hotspot/share/interpreter/linkResolver.cpp, l
Event: 2.677 Thread 0x00000142a333f000 Exception <a 'java/lang/NoSuchMethodError'{0x00000000893322e8}: java.lang.invoke.DirectMethodHandle$Holder.invokeStatic(Ljava/lang/Object;Ljava/lang/Object;IIII)Ljava/lang/Object;> (0x00000000893322e8) thrown at [./open/src/hotspot/share/interpreter/linkR
Event: 2.678 Thread 0x00000142a333f000 Exception <a 'java/lang/NoSuchMethodError'{0x0000000089335630}: java.lang.invoke.DirectMethodHandle$Holder.invokeStaticInit(Ljava/lang/Object;Ljava/lang/Object;IIII)Ljava/lang/Object;> (0x0000000089335630) thrown at [./open/src/hotspot/share/interpreter/l
Event: 2.689 Thread 0x00000142a333f000 Exception <a 'java/lang/ClassNotFoundException'{0x0000000089352de8}: javax/management/remote/rmi/RMIServerImpl_Skel> (0x0000000089352de8) thrown at [./open/src/hotspot/share/classfile/systemDictionary.cpp, line 228]
Event: 2.729 Thread 0x00000142a333f000 Exception <a 'java/lang/ClassNotFoundException'{0x0000000089227ba0}: jdk/internal/agent/resources/spi/agentProvider> (0x0000000089227ba0) thrown at [./open/src/hotspot/share/classfile/systemDictionary.cpp, line 228]
Event: 2.736 Thread 0x00000142a333f000 Exception <a 'java/lang/NoSuchMethodError'{0x000000008927d498}: java.lang.invoke.DirectMethodHandle$Holder.invokeStatic(Ljava/lang/Object;Ljava/lang/Object;Ljava/lang/Object;Ljava/lang/Object;Ljava/lang/Object;Ljava/lang/Object;Ljava/lang/Object;Ljava/lan
Event: 2.737 Thread 0x00000142a333f000 Exception <a 'java/lang/NoSuchMethodError'{0x0000000089289cb8}: java.lang.invoke.DirectMethodHandle$Holder.invokeStatic(Ljava/lang/Object;Ljava/lang/Object;Ljava/lang/Object;Ljava/lang/Object;Ljava/lang/Object;Ljava/lang/Object;Ljava/lang/Object;Ljava/lan
Event: 2.739 Thread 0x00000142a333f000 Exception <a 'java/lang/NoSuchMethodError'{0x00000000892a3ad8}: java.lang.invoke.DelegatingMethodHandle$Holder.reinvoke_L(Ljava/lang/Object;ILjava/lang/Object;)Ljava/lang/Object;> (0x00000000892a3ad8) thrown at [./open/src/hotspot/share/interpreter/linkRe
Event: 2.790 Thread 0x00000142a333f000 Exception <a 'java/lang/ClassNotFoundException'{0x0000000088e6b9f8}: javax/smartcardio/CardPermission> (0x0000000088e6b9f8) thrown at [./open/src/hotspot/share/classfile/systemDictionary.cpp, line 228]
Event: 2.794 Thread 0x00000142a333f000 Exception <a 'java/io/FileNotFoundException'{0x0000000088e79dc0}> (0x0000000088e79dc0) thrown at [./open/src/hotspot/share/prims/jni.cpp, line 611]

Events (10 events):
Event: 2.796 loading class java/util/PropertyPermissionCollection
Event: 2.796 loading class java/util/PropertyPermissionCollection done
Event: 2.796 loading class java/util/PropertyPermissionCollection$1
Event: 2.796 loading class java/util/PropertyPermissionCollection$1 done
Event: 2.796 loading class sun/net/www/protocol/file/FileURLConnection
Event: 2.796 loading class sun/net/www/URLConnection
Event: 2.796 loading class java/net/URLConnection
Event: 2.797 loading class java/net/URLConnection done
Event: 2.797 loading class sun/net/www/URLConnection done
Event: 2.797 loading class sun/net/www/protocol/file/FileURLConnection done


Dynamic libraries:
0x00007ff6dda20000 - 0x00007ff6dda67000 	C:\Program Files\Java\jdk-11.0.7\bin\javaw.exe
0x00007ffc7b260000 - 0x00007ffc7b450000 	C:\WINDOWS\SYSTEM32\ntdll.dll
0x00007ffc7a210000 - 0x00007ffc7a2c2000 	C:\WINDOWS\System32\KERNEL32.DLL
0x00007ffc78310000 - 0x00007ffc785b4000 	C:\WINDOWS\System32\KERNELBASE.dll
0x00007ffc7b170000 - 0x00007ffc7b213000 	C:\WINDOWS\System32\ADVAPI32.dll
0x00007ffc7a170000 - 0x00007ffc7a20e000 	C:\WINDOWS\System32\msvcrt.dll
0x00007ffc7ac00000 - 0x00007ffc7ac97000 	C:\WINDOWS\System32\sechost.dll
0x00007ffc79520000 - 0x00007ffc79640000 	C:\WINDOWS\System32\RPCRT4.dll
0x00007ffc7a4c0000 - 0x00007ffc7a654000 	C:\WINDOWS\System32\USER32.dll
0x00007ffc79120000 - 0x00007ffc79141000 	C:\WINDOWS\System32\win32u.dll
0x00007ffc7a2e0000 - 0x00007ffc7a306000 	C:\WINDOWS\System32\GDI32.dll
0x00007ffc78e50000 - 0x00007ffc78fe6000 	C:\WINDOWS\System32\gdi32full.dll
0x00007ffc785c0000 - 0x00007ffc7865e000 	C:\WINDOWS\System32\msvcp_win.dll
0x00007ffc78ff0000 - 0x00007ffc790ea000 	C:\WINDOWS\System32\ucrtbase.dll
0x00007ffc69380000 - 0x00007ffc69604000 	C:\WINDOWS\WinSxS\amd64_microsoft.windows.common-controls_6595b64144ccf1df_6.0.18362.959_none_e6c7bbbf130c62bb\COMCTL32.dll
0x00007ffc79e20000 - 0x00007ffc7a155000 	C:\WINDOWS\System32\combase.dll
0x00007ffc6da40000 - 0x00007ffc6da4a000 	C:\WINDOWS\SYSTEM32\VERSION.dll
0x00007ffc78290000 - 0x00007ffc78310000 	C:\WINDOWS\System32\bcryptPrimitives.dll
0x00007ffc7ab20000 - 0x00007ffc7ab4e000 	C:\WINDOWS\System32\IMM32.DLL
0x00007ffc5ad30000 - 0x00007ffc5ad46000 	C:\Program Files\Java\jdk-11.0.7\bin\vcruntime140.dll
0x00007ffc56120000 - 0x00007ffc561ca000 	C:\Program Files\Java\jdk-11.0.7\bin\msvcp140.dll
0x00007ffc2a540000 - 0x00007ffc2b0a1000 	C:\Program Files\Java\jdk-11.0.7\bin\server\jvm.dll
0x00007ffc7a730000 - 0x00007ffc7a738000 	C:\WINDOWS\System32\PSAPI.DLL
0x00007ffc615c0000 - 0x00007ffc615c9000 	C:\WINDOWS\SYSTEM32\WSOCK32.dll
0x00007ffc7a740000 - 0x00007ffc7a7af000 	C:\WINDOWS\System32\WS2_32.dll
0x00007ffc75c20000 - 0x00007ffc75c44000 	C:\WINDOWS\SYSTEM32\WINMM.dll
0x00007ffc75bf0000 - 0x00007ffc75c1d000 	C:\WINDOWS\SYSTEM32\WINMMBASE.dll
0x00007ffc792c0000 - 0x00007ffc7930a000 	C:\WINDOWS\System32\cfgmgr32.dll
0x00007ffc78170000 - 0x00007ffc78181000 	C:\WINDOWS\System32\kernel.appcore.dll
0x00007ffc719b0000 - 0x00007ffc719c1000 	C:\Program Files\Java\jdk-11.0.7\bin\verify.dll
0x00007ffc62890000 - 0x00007ffc62a84000 	C:\WINDOWS\SYSTEM32\DBGHELP.DLL
0x00007ffc62860000 - 0x00007ffc6288a000 	C:\WINDOWS\SYSTEM32\dbgcore.DLL
0x00007ffc6e340000 - 0x00007ffc6e369000 	C:\Program Files\Java\jdk-11.0.7\bin\java.dll
0x00007ffc74a50000 - 0x00007ffc74a5a000 	C:\Program Files\Java\jdk-11.0.7\bin\jimage.dll
0x00007ffc691a0000 - 0x00007ffc691b6000 	C:\Program Files\Java\jdk-11.0.7\bin\zip.dll
0x00007ffc79640000 - 0x00007ffc79d26000 	C:\WINDOWS\System32\SHELL32.dll
0x00007ffc7ab50000 - 0x00007ffc7abf9000 	C:\WINDOWS\System32\shcore.dll
0x00007ffc78660000 - 0x00007ffc78de2000 	C:\WINDOWS\System32\windows.storage.dll
0x00007ffc78190000 - 0x00007ffc781b3000 	C:\WINDOWS\System32\profapi.dll
0x00007ffc78120000 - 0x00007ffc7816a000 	C:\WINDOWS\System32\powrprof.dll
0x00007ffc78110000 - 0x00007ffc78120000 	C:\WINDOWS\System32\UMPDC.dll
0x00007ffc7a310000 - 0x00007ffc7a362000 	C:\WINDOWS\System32\shlwapi.dll
0x00007ffc79150000 - 0x00007ffc79167000 	C:\WINDOWS\System32\cryptsp.dll
0x00007ffc69090000 - 0x00007ffc690a9000 	C:\Program Files\Java\jdk-11.0.7\bin\net.dll
0x00007ffc71eb0000 - 0x00007ffc71fa0000 	C:\WINDOWS\SYSTEM32\WINHTTP.dll
0x00007ffc77920000 - 0x00007ffc77987000 	C:\WINDOWS\system32\mswsock.dll
0x00007ffc61850000 - 0x00007ffc61863000 	C:\Program Files\Java\jdk-11.0.7\bin\nio.dll
0x00007ffc74650000 - 0x00007ffc74659000 	C:\Program Files\Java\jdk-11.0.7\bin\management.dll
0x00007ffc72d40000 - 0x00007ffc72d4c000 	C:\Program Files\Java\jdk-11.0.7\bin\management_ext.dll
0x00007ffc73320000 - 0x00007ffc73336000 	C:\WINDOWS\system32\napinsp.dll
0x00007ffc728c0000 - 0x00007ffc728da000 	C:\WINDOWS\system32\pnrpnsp.dll
0x00007ffc77670000 - 0x00007ffc7773b000 	C:\WINDOWS\SYSTEM32\DNSAPI.dll
0x00007ffc7a2d0000 - 0x00007ffc7a2d8000 	C:\WINDOWS\System32\NSI.dll
0x00007ffc77630000 - 0x00007ffc7766a000 	C:\WINDOWS\SYSTEM32\IPHLPAPI.DLL
0x00007ffc73310000 - 0x00007ffc7331e000 	C:\WINDOWS\System32\winrnr.dll
0x00007ffc74780000 - 0x00007ffc7479c000 	C:\WINDOWS\system32\NLAapi.dll
0x00007ffc73390000 - 0x00007ffc733a5000 	C:\WINDOWS\system32\wshbth.dll
0x00007ffc69810000 - 0x00007ffc6981a000 	C:\Windows\System32\rasadhlp.dll
0x00007ffc6d350000 - 0x00007ffc6d3c7000 	C:\WINDOWS\System32\fwpuclnt.dll
0x00007ffc790f0000 - 0x00007ffc79116000 	C:\WINDOWS\System32\bcrypt.dll
0x00007ffc77490000 - 0x00007ffc774c3000 	C:\WINDOWS\system32\rsaenh.dll
0x00007ffc78000000 - 0x00007ffc78025000 	C:\WINDOWS\SYSTEM32\USERENV.dll
0x00007ffc77af0000 - 0x00007ffc77afc000 	C:\WINDOWS\SYSTEM32\CRYPTBASE.dll
0x00007ffc6f640000 - 0x00007ffc6f656000 	C:\WINDOWS\SYSTEM32\dhcpcsvc6.DLL
0x00007ffc6f620000 - 0x00007ffc6f63c000 	C:\WINDOWS\SYSTEM32\dhcpcsvc.DLL

dbghelp: loaded successfully - version: 4.0.5 - missing functions: none
symbol engine: initialized successfully - sym options: 0x614 - pdb path: .;C:\Program Files\Java\jdk-11.0.7\bin;C:\WINDOWS\SYSTEM32;C:\WINDOWS\WinSxS\amd64_microsoft.windows.common-controls_6595b64144ccf1df_6.0.18362.959_none_e6c7bbbf130c62bb;C:\Program Files\Java\jdk-11.0.7\bin\server

VM Arguments:
jvm_args: -Dcom.sun.management.jmxremote -Dcom.sun.management.jmxremote.port=49272 -Dcom.sun.management.jmxremote.authenticate=false -Dcom.sun.management.jmxremote.ssl=false -Djava.rmi.server.hostname=localhost -Dspring.jmx.enabled=true -Dspring.application.admin.enabled=true -Xverify:none -XX:TieredStopAtLevel=1 -Dspring.boot.project.name=cursomc -Dfile.encoding=UTF-8 
java_command: com.felipedclc.cursomc.Cursomc1Application --spring.output.ansi.enabled=always
java_class_path (initial): C:\Users\felip\Desktop\Felipe\ws_spring\curso_spring\cursomc\target\classes;C:\Users\felip\.m2\repository\org\springframework\boot\spring-boot-starter-web\2.3.1.RELEASE\spring-boot-starter-web-2.3.1.RELEASE.jar;C:\Users\felip\.m2\repository\org\springframework\boot\spring-boot-starter\2.3.1.RELEASE\spring-boot-starter-2.3.1.RELEASE.jar;C:\Users\felip\.m2\repository\org\springframework\boot\spring-boot-starter-logging\2.3.1.RELEASE\spring-boot-starter-logging-2.3.1.RELEASE.jar;C:\Users\felip\.m2\repository\ch\qos\logback\logback-classic\1.2.3\logback-classic-1.2.3.jar;C:\Users\felip\.m2\repository\ch\qos\logback\logback-core\1.2.3\logback-core-1.2.3.jar;C:\Users\felip\.m2\repository\org\apache\logging\log4j\log4j-to-slf4j\2.13.3\log4j-to-slf4j-2.13.3.jar;C:\Users\felip\.m2\repository\org\apache\logging\log4j\log4j-api\2.13.3\log4j-api-2.13.3.jar;C:\Users\felip\.m2\repository\org\slf4j\jul-to-slf4j\1.7.30\jul-to-slf4j-1.7.30.jar;C:\Users\felip\.m2\repository\jakarta\annotation\jakarta.annotation-api\1.3.5\jakarta.annotation-api-1.3.5.jar;C:\Users\felip\.m2\repository\org\yaml\snakeyaml\1.26\snakeyaml-1.26.jar;C:\Users\felip\.m2\repository\org\springframework\boot\spring-boot-starter-json\2.3.1.RELEASE\spring-boot-starter-json-2.3.1.RELEASE.jar;C:\Users\felip\.m2\repository\com\fasterxml\jackson\datatype\jackson-datatype-jdk8\2.11.0\jackson-datatype-jdk8-2.11.0.jar;C:\Users\felip\.m2\repository\com\fasterxml\jackson\datatype\jackson-datatype-jsr310\2.11.0\jackson-datatype-jsr310-2.11.0.jar;C:\Users\felip\.m2\repository\com\fasterxml\jackson\module\jackson-module-parameter-names\2.11.0\jackson-module-parameter-names-2.11.0.jar;C:\Users\felip\.m2\repository\org\springframework\boot\spring-boot-starter-tomcat\2.3.1.RELEASE\spring-boot-starter-tomcat-2.3.1.RELEASE.jar;C:\Users\felip\.m2\repository\org\apache\tomcat\embed\tomcat-embed-core\9.0.36\tomcat-embed-core-9.0.36.jar;C:\Users\felip\.m2\repository\org\glassfish\jakarta.el\3.0.3\jakarta.el
Launcher Type: SUN_STANDARD

[Global flags]
     bool BytecodeVerificationLocal                = false                                     {product} {command line}
     bool BytecodeVerificationRemote               = false                                     {product} {command line}
     intx CICompilerCount                          = 3                                         {product} {ergonomic}
     uint ConcGCThreads                            = 1                                         {product} {ergonomic}
     uint G1ConcRefinementThreads                  = 4                                         {product} {ergonomic}
   size_t G1HeapRegionSize                         = 1048576                                   {product} {ergonomic}
    uintx GCDrainStackTargetSize                   = 64                                        {product} {ergonomic}
   size_t InitialHeapSize                          = 134217728                                 {product} {ergonomic}
     bool ManagementServer                         = true                                      {product} {command line}
   size_t MarkStackSize                            = 4194304                                   {product} {ergonomic}
   size_t MaxHeapSize                              = 2122317824                                {product} {ergonomic}
   size_t MaxNewSize                               = 1272971264                                {product} {ergonomic}
   size_t MinHeapDeltaBytes                        = 1048576                                   {product} {ergonomic}
    uintx NonNMethodCodeHeapSize                   = 6973028                                {pd product} {ergonomic}
    uintx NonProfiledCodeHeapSize                  = 244685212                              {pd product} {ergonomic}
    uintx ProfiledCodeHeapSize                     = 0                                      {pd product} {ergonomic}
    uintx ReservedCodeCacheSize                    = 251658240                              {pd product} {ergonomic}
     bool SegmentedCodeCache                       = true                                      {product} {ergonomic}
     intx TieredStopAtLevel                        = 1                                         {product} {command line}
     bool UseCompressedClassPointers               = true                                 {lp64_product} {ergonomic}
     bool UseCompressedOops                        = true                                 {lp64_product} {ergonomic}
     bool UseG1GC                                  = true                                      {product} {ergonomic}
     bool UseLargePagesIndividualAllocation        = false                                  {pd product} {ergonomic}

Logging:
Log output configuration:
 #0: stdout all=warning uptime,level,tags
 #1: stderr all=off uptime,level,tags

Environment Variables:
JAVA_HOME=C:\Program Files\Java\jdk-11.0.7
PATH=C:/Program Files/Java/jdk-11.0.7/bin/server;C:/Program Files/Java/jdk-11.0.7/bin;C:\Program Files (x86)\Intel\iCLS Client\;C:\Program Files\Intel\iCLS Client\;C:\WINDOWS\system32;C:\WINDOWS;C:\WINDOWS\System32\Wbem;C:\WINDOWS\System32\WindowsPowerShell\v1.0\;C:\Program Files (x86)\Intel\Intel(R) Management Engine Components\DAL;C:\Program Files\Intel\Intel(R) Management Engine Components\DAL;C:\Program Files (x86)\Intel\Intel(R) Management Engine Components\IPT;C:\Program Files\Intel\Intel(R) Management Engine Components\IPT;C:\WINDOWS\System32\OpenSSH\;C:\Program Files\dotnet\;C:\Program Files\Microsoft SQL Server\130\Tools\Binn\;C:\Program Files\Microsoft SQL Server\Client SDK\ODBC\170\Tools\Binn\;C:\Program Files\Java\jdk-11.0.7\bin;C:\Program Files\Git\cmd;C:\Program Files\Java\jdk-11.0.7\bin;C:\Program Files\MongoDB\Server\4.2\bin;C:\xampp\mysql\bin;C:\Program Files\MySQL\MySQL Shell 8.0\bin\;C:\Users\felip\AppData\Local\Programs\Python\Python38-32\Scripts\;C:\Users\felip\AppData\Local\Programs\Python\Python38-32\;C:\Users\felip\AppData\Local\Microsoft\WindowsApps;C:\Users\felip\AppData\Local\Programs\Microsoft VS Code\bin;C:\Program Files\Java\jdk-11.0.7bin;C:\Program Files\heroku\bin;C:\Users\felip\Downloads\sts-4.7.0.RELEASE;
USERNAME=felip
OS=Windows_NT
PROCESSOR_IDENTIFIER=Intel64 Family 6 Model 61 Stepping 4, GenuineIntel



---------------  S Y S T E M  ---------------

OS: Windows 10 , 64 bit Build 18362 (10.0.18362.959)

CPU:total 4 (initial active 4) (2 cores per cpu, 2 threads per core) family 6 model 61 stepping 4, cmov, cx8, fxsr, mmx, sse, sse2, sse3, ssse3, sse4.1, sse4.2, popcnt, avx, avx2, aes, clmul, erms, 3dnowpref, lzcnt, ht, tsc, tscinvbit, bmi1, bmi2, adx, fma

Memory: 4k page, system-wide physical 8094M (1836M free)
TotalPageFile size 12992M (AvailPageFile size 3083M)
current process WorkingSet (physical memory assigned to process): 81M, peak: 81M
current process commit charge ("private bytes"): 217M, peak: 217M

vm_info: Java HotSpot(TM) 64-Bit Server VM (11.0.7+8-LTS) for windows-amd64 JRE (11.0.7+8-LTS), built on Mar 12 2020 02:04:32 by "mach5one" with MS VC++ 15.5 (VS2017)

END.
